2026-05-28 13:47:30.871 +07:00 [FTL] Application startup failed.
MySqlConnector.MySqlException (0x80004005): Connect Timeout expired.
 ---> MySqlConnector.MySqlException (0x80004005): Connect Timeout expired.
   at MySqlConnector.Core.ServerSession.OpenTcpSocketAsync(ConnectionSettings cs, ILoadBalancer loadBalancer, Activity activity, IOBehavior ioBehavior, CancellationToken cancellationToken) in /_/src/MySqlConnector/Core/ServerSession.cs:line 1046
   at MySqlConnector.Core.ServerSession.ConnectAsync(ConnectionSettings cs, MySqlConnection connection, Int64 startingTimestamp, ILoadBalancer loadBalancer, Activity activity, IOBehavior ioBehavior, CancellationToken cancellationToken) in /_/src/MySqlConnector/Core/ServerSession.cs:line 425
   at MySqlConnector.Core.ConnectionPool.ConnectSessionAsync(MySqlConnection connection, Action`4 logMessage, Int64 startingTimestamp, Activity activity, IOBehavior ioBehavior, CancellationToken cancellationToken) in /_/src/MySqlConnector/Core/ConnectionPool.cs:line 428
   at MySqlConnector.Core.ConnectionPool.ConnectSessionAsync(MySqlConnection connection, Action`4 logMessage, Int64 startingTimestamp, Activity activity, IOBehavior ioBehavior, CancellationToken cancellationToken) in /_/src/MySqlConnector/Core/ConnectionPool.cs:line 433
   at MySqlConnector.Core.ConnectionPool.GetSessionAsync(MySqlConnection connection, Int64 startingTimestamp, Int32 timeoutMilliseconds, Activity activity, IOBehavior ioBehavior, CancellationToken cancellationToken) in /_/src/MySqlConnector/Core/ConnectionPool.cs:line 111
   at MySqlConnector.Core.ConnectionPool.GetSessionAsync(MySqlConnection connection, Int64 startingTimestamp, Int32 timeoutMilliseconds, Activity activity, IOBehavior ioBehavior, CancellationToken cancellationToken) in /_/src/MySqlConnector/Core/ConnectionPool.cs:line 144
   at MySqlConnector.MySqlConnection.CreateSessionAsync(ConnectionPool pool, Int64 startingTimestamp, Activity activity, Nullable`1 ioBehavior, CancellationToken cancellationToken) in /_/src/MySqlConnector/MySqlConnection.cs:line 919
   at MySqlConnector.MySqlConnection.CreateSessionAsync(ConnectionPool pool, Int64 startingTimestamp, Activity activity, Nullable`1 ioBehavior, CancellationToken cancellationToken) in /_/src/MySqlConnector/MySqlConnection.cs:line 951
   at MySqlConnector.MySqlConnection.OpenAsync(Nullable`1 ioBehavior, CancellationToken cancellationToken) in /_/src/MySqlConnector/MySqlConnection.cs:line 419
   at MySqlConnector.MySqlConnection.Open() in /_/src/MySqlConnector/MySqlConnection.cs:line 381
   at Microsoft.EntityFrameworkCore.ServerVersion.AutoDetect(String connectionString)
   at Program.<>c__DisplayClass0_0.<<Main>$>b__1(DbContextOptionsBuilder options) in D:\02_Learning\Viandra Project CRM\DEVELOPMENT_CRM\backend\UT.ServiceConsole.API\Program.cs:line 37
   at Microsoft.Extensions.DependencyInjection.EntityFrameworkServiceCollectionExtensions.<>c__DisplayClass1_0`2.<AddDbContext>b__0(IServiceProvider _, DbContextOptionsBuilder b)
   at Microsoft.Extensions.DependencyInjection.EntityFrameworkServiceCollectionExtensions.CreateDbContextOptions[TContext](IServiceProvider applicationServiceProvider, Action`2 optionsAction)
   at Microsoft.Extensions.DependencyInjection.EntityFrameworkServiceCollectionExtensions.<>c__DisplayClass17_0`1.<AddCoreServices>b__0(IServiceProvider p)
   at Microsoft.Extensions.DependencyInjection.ServiceLookup.CallSiteVisitor`2.VisitCallSiteMain(ServiceCallSite callSite, TArgument argument)
   at Microsoft.Extensions.DependencyInjection.ServiceLookup.CallSiteRuntimeResolver.VisitCache(ServiceCallSite callSite, RuntimeResolverContext context, ServiceProviderEngineScope serviceProviderEngine, RuntimeResolverLock lockType)
   at Microsoft.Extensions.DependencyInjection.ServiceLookup.CallSiteRuntimeResolver.VisitScopeCache(ServiceCallSite callSite, RuntimeResolverContext context)
   at Microsoft.Extensions.DependencyInjection.ServiceLookup.CallSiteVisitor`2.VisitCallSite(ServiceCallSite callSite, TArgument argument)
   at Microsoft.Extensions.DependencyInjection.ServiceLookup.CallSiteRuntimeResolver.VisitConstructor(ConstructorCallSite constructorCallSite, RuntimeResolverContext context)
   at Microsoft.Extensions.DependencyInjection.ServiceLookup.CallSiteVisitor`2.VisitCallSiteMain(ServiceCallSite callSite, TArgument argument)
   at Microsoft.Extensions.DependencyInjection.ServiceLookup.CallSiteRuntimeResolver.VisitCache(ServiceCallSite callSite, RuntimeResolverContext context, ServiceProviderEngineScope serviceProviderEngine, RuntimeResolverLock lockType)
   at Microsoft.Extensions.DependencyInjection.ServiceLookup.CallSiteRuntimeResolver.VisitScopeCache(ServiceCallSite callSite, RuntimeResolverContext context)
   at Microsoft.Extensions.DependencyInjection.ServiceLookup.CallSiteVisitor`2.VisitCallSite(ServiceCallSite callSite, TArgument argument)
   at Microsoft.Extensions.DependencyInjection.ServiceLookup.CallSiteRuntimeResolver.Resolve(ServiceCallSite callSite, ServiceProviderEngineScope scope)
   at Microsoft.Extensions.DependencyInjection.ServiceLookup.DynamicServiceProviderEngine.<>c__DisplayClass2_0.<RealizeService>b__0(ServiceProviderEngineScope scope)
   at Microsoft.Extensions.DependencyInjection.ServiceProvider.GetService(ServiceIdentifier serviceIdentifier, ServiceProviderEngineScope serviceProviderEngineScope)
   at Microsoft.Extensions.DependencyInjection.ServiceLookup.ServiceProviderEngineScope.GetService(Type serviceType)
   at Microsoft.Extensions.DependencyInjection.ServiceProviderServiceExtensions.GetRequiredService(IServiceProvider provider, Type serviceType)
   at Microsoft.Extensions.DependencyInjection.ServiceProviderServiceExtensions.GetRequiredService[T](IServiceProvider provider)
   at Program.<Main>$(String[] args) in D:\02_Learning\Viandra Project CRM\DEVELOPMENT_CRM\backend\UT.ServiceConsole.API\Program.cs:line 177
2026-05-28 13:58:54.167 +07:00 [FTL] Application startup failed.
Microsoft.Extensions.Hosting.HostAbortedException: The host was aborted.
   at Microsoft.Extensions.Hosting.HostFactoryResolver.HostingListener.ThrowHostAborted()
   at Microsoft.Extensions.Hosting.HostFactoryResolver.HostingListener.OnNext(KeyValuePair`2 value)
   at System.Diagnostics.DiagnosticListener.Write(String name, Object value)
   at Microsoft.Extensions.Hosting.HostBuilder.ResolveHost(IServiceProvider serviceProvider, DiagnosticListener diagnosticListener)
   at Microsoft.Extensions.Hosting.HostApplicationBuilder.Build()
   at Microsoft.AspNetCore.Builder.WebApplicationBuilder.Build()
   at Program.<Main>$(String[] args) in D:\02_Learning\Viandra Project CRM\DEVELOPMENT_CRM\backend\UT.ServiceConsole.API\Program.cs:line 145
2026-05-28 13:59:36.554 +07:00 [FTL] Application startup failed.
Microsoft.Extensions.Hosting.HostAbortedException: The host was aborted.
   at Microsoft.Extensions.Hosting.HostFactoryResolver.HostingListener.ThrowHostAborted()
   at Microsoft.Extensions.Hosting.HostFactoryResolver.HostingListener.OnNext(KeyValuePair`2 value)
   at System.Diagnostics.DiagnosticListener.Write(String name, Object value)
   at Microsoft.Extensions.Hosting.HostBuilder.ResolveHost(IServiceProvider serviceProvider, DiagnosticListener diagnosticListener)
   at Microsoft.Extensions.Hosting.HostApplicationBuilder.Build()
   at Microsoft.AspNetCore.Builder.WebApplicationBuilder.Build()
   at Program.<Main>$(String[] args) in D:\02_Learning\Viandra Project CRM\DEVELOPMENT_CRM\backend\UT.ServiceConsole.API\Program.cs:line 145
2026-05-28 14:00:03.698 +07:00 [INF] Database migration applied successfully.
2026-05-28 14:00:03.772 +07:00 [INF] UT Service Console API starting on Development
2026-05-28 14:00:28.103 +07:00 [WRN] Failed to determine the https port for redirect.
2026-05-28 14:00:28.458 +07:00 [INF] HTTP POST /api/auth/login responded 400 in 478.9347 ms
2026-05-28 14:00:37.793 +07:00 [INF] HTTP POST /api/auth/login responded 400 in 12.3619 ms
2026-05-28 14:01:12.737 +07:00 [INF] User authenticated successfully. UserID=1 Role=Admin
2026-05-28 14:01:12.790 +07:00 [INF] HTTP POST /api/auth/login responded 200 in 1196.8237 ms
2026-05-28 14:02:03.281 +07:00 [INF] User authenticated successfully. UserID=1 Role=Admin
2026-05-28 14:02:03.286 +07:00 [INF] HTTP POST /api/auth/login responded 200 in 231.6435 ms
2026-05-28 14:02:03.932 +07:00 [DBG] Valid JWT token on /api/cases
2026-05-28 14:02:03.932 +07:00 [DBG] Valid JWT token on /api/workorders
2026-05-28 14:02:04.981 +07:00 [INF] HTTP GET /api/workorders responded 200 in 1240.8471 ms
2026-05-28 14:02:04.982 +07:00 [INF] HTTP GET /api/cases responded 200 in 1241.9670 ms
2026-05-28 14:02:05.055 +07:00 [DBG] Valid JWT token on /api/workorders
2026-05-28 14:02:05.079 +07:00 [INF] HTTP GET /api/workorders responded 200 in 28.5344 ms
2026-05-28 14:02:05.080 +07:00 [DBG] Valid JWT token on /api/cases
2026-05-28 14:02:05.100 +07:00 [INF] HTTP GET /api/cases responded 200 in 22.8054 ms
2026-05-28 14:02:43.986 +07:00 [DBG] Valid JWT token on /api/cases
2026-05-28 14:02:43.986 +07:00 [DBG] Valid JWT token on /api/workorders
2026-05-28 14:02:44.044 +07:00 [INF] HTTP GET /api/cases responded 200 in 64.5020 ms
2026-05-28 14:02:44.046 +07:00 [INF] HTTP GET /api/workorders responded 200 in 66.1727 ms
2026-05-28 14:02:44.175 +07:00 [DBG] Valid JWT token on /api/workorders
2026-05-28 14:02:44.175 +07:00 [DBG] Valid JWT token on /api/cases
2026-05-28 14:02:44.189 +07:00 [INF] HTTP GET /api/cases responded 200 in 16.8831 ms
2026-05-28 14:02:44.191 +07:00 [INF] HTTP GET /api/workorders responded 200 in 19.0425 ms
2026-05-28 14:02:47.051 +07:00 [DBG] Valid JWT token on /api/cases
2026-05-28 14:02:47.067 +07:00 [INF] HTTP GET /api/cases responded 200 in 18.0995 ms
2026-05-28 14:02:47.140 +07:00 [DBG] Valid JWT token on /api/cases
2026-05-28 14:02:47.151 +07:00 [INF] HTTP GET /api/cases responded 200 in 13.5821 ms
2026-05-28 14:02:47.960 +07:00 [DBG] Valid JWT token on /api/workorders
2026-05-28 14:02:47.976 +07:00 [INF] HTTP GET /api/workorders responded 200 in 18.4026 ms
2026-05-28 14:02:48.068 +07:00 [DBG] Valid JWT token on /api/workorders
2026-05-28 14:02:48.080 +07:00 [INF] HTTP GET /api/workorders responded 200 in 15.5569 ms
2026-05-28 14:02:52.931 +07:00 [DBG] Valid JWT token on /api/cases
2026-05-28 14:02:52.940 +07:00 [INF] HTTP GET /api/cases responded 200 in 10.7517 ms
2026-05-28 14:02:53.109 +07:00 [DBG] Valid JWT token on /api/workorders
2026-05-28 14:02:53.120 +07:00 [DBG] Valid JWT token on /api/cases
2026-05-28 14:02:53.122 +07:00 [INF] HTTP GET /api/workorders responded 200 in 14.9733 ms
2026-05-28 14:02:53.137 +07:00 [INF] HTTP GET /api/cases responded 200 in 19.8409 ms
2026-05-28 14:02:53.196 +07:00 [DBG] Valid JWT token on /api/workorders
2026-05-28 14:02:53.206 +07:00 [INF] HTTP GET /api/workorders responded 200 in 11.3817 ms
2026-05-28 14:02:53.359 +07:00 [DBG] Valid JWT token on /api/cases
2026-05-28 14:02:53.365 +07:00 [INF] HTTP GET /api/cases responded 200 in 7.6743 ms
2026-05-28 14:02:53.430 +07:00 [DBG] Valid JWT token on /api/cases
2026-05-28 14:02:53.440 +07:00 [INF] HTTP GET /api/cases responded 200 in 12.1464 ms
2026-05-28 14:03:04.536 +07:00 [DBG] Valid JWT token on /api/cases
2026-05-28 14:03:04.545 +07:00 [INF] HTTP GET /api/cases responded 200 in 9.3235 ms
2026-05-28 14:03:05.236 +07:00 [DBG] Valid JWT token on /api/cases
2026-05-28 14:03:05.245 +07:00 [INF] HTTP GET /api/cases responded 200 in 10.8236 ms
2026-05-28 14:03:06.912 +07:00 [DBG] Valid JWT token on /api/workorders
2026-05-28 14:03:06.926 +07:00 [INF] HTTP GET /api/workorders responded 200 in 15.4275 ms
2026-05-28 14:03:06.992 +07:00 [DBG] Valid JWT token on /api/workorders
2026-05-28 14:03:07.006 +07:00 [INF] HTTP GET /api/workorders responded 200 in 14.7173 ms
2026-05-28 14:03:08.008 +07:00 [DBG] Valid JWT token on /api/workorders
2026-05-28 14:03:08.008 +07:00 [DBG] Valid JWT token on /api/cases
2026-05-28 14:03:08.018 +07:00 [INF] HTTP GET /api/cases responded 200 in 11.8060 ms
2026-05-28 14:03:08.019 +07:00 [INF] HTTP GET /api/workorders responded 200 in 12.1529 ms
2026-05-28 14:03:08.073 +07:00 [DBG] Valid JWT token on /api/cases
2026-05-28 14:03:08.086 +07:00 [INF] HTTP GET /api/cases responded 200 in 14.3200 ms
2026-05-28 14:03:08.120 +07:00 [DBG] Valid JWT token on /api/workorders
2026-05-28 14:03:08.135 +07:00 [INF] HTTP GET /api/workorders responded 200 in 17.3578 ms
2026-05-28 14:03:09.468 +07:00 [DBG] Valid JWT token on /api/workorders
2026-05-28 14:03:09.478 +07:00 [INF] HTTP GET /api/workorders responded 200 in 14.7103 ms
2026-05-28 14:03:09.569 +07:00 [DBG] Valid JWT token on /api/workorders
2026-05-28 14:03:09.578 +07:00 [INF] HTTP GET /api/workorders responded 200 in 9.8057 ms
2026-05-28 14:03:11.043 +07:00 [DBG] Valid JWT token on /api/cases
2026-05-28 14:03:11.058 +07:00 [INF] HTTP GET /api/cases responded 200 in 16.3332 ms
2026-05-28 14:03:11.112 +07:00 [DBG] Valid JWT token on /api/workorders
2026-05-28 14:03:11.119 +07:00 [DBG] Valid JWT token on /api/cases
2026-05-28 14:03:11.122 +07:00 [INF] HTTP GET /api/workorders responded 200 in 11.6590 ms
2026-05-28 14:03:11.126 +07:00 [INF] HTTP GET /api/cases responded 200 in 8.2209 ms
2026-05-28 14:03:11.186 +07:00 [DBG] Valid JWT token on /api/workorders
2026-05-28 14:03:11.193 +07:00 [INF] HTTP GET /api/workorders responded 200 in 7.9021 ms
2026-05-28 14:03:14.560 +07:00 [DBG] Valid JWT token on /api/cases
2026-05-28 14:03:14.571 +07:00 [INF] HTTP GET /api/cases responded 200 in 12.2321 ms
2026-05-28 14:03:14.635 +07:00 [DBG] Valid JWT token on /api/cases
2026-05-28 14:03:14.643 +07:00 [INF] HTTP GET /api/cases responded 200 in 9.0848 ms
2026-05-28 14:03:17.221 +07:00 [DBG] Valid JWT token on /api/workorders
2026-05-28 14:03:17.224 +07:00 [DBG] Valid JWT token on /api/cases
2026-05-28 14:03:17.238 +07:00 [INF] HTTP GET /api/workorders responded 200 in 18.7320 ms
2026-05-28 14:03:17.238 +07:00 [INF] HTTP GET /api/cases responded 200 in 15.4354 ms
2026-05-28 14:03:17.376 +07:00 [DBG] Valid JWT token on /api/workorders
2026-05-28 14:03:17.387 +07:00 [INF] HTTP GET /api/workorders responded 200 in 11.1780 ms
2026-05-28 14:03:17.407 +07:00 [DBG] Valid JWT token on /api/cases
2026-05-28 14:03:17.412 +07:00 [INF] HTTP GET /api/cases responded 200 in 6.2578 ms
2026-05-28 14:03:17.645 +07:00 [DBG] Valid JWT token on /api/workorders
2026-05-28 14:03:17.654 +07:00 [INF] HTTP GET /api/workorders responded 200 in 10.7669 ms
2026-05-28 14:03:17.732 +07:00 [DBG] Valid JWT token on /api/workorders
2026-05-28 14:03:17.742 +07:00 [INF] HTTP GET /api/workorders responded 200 in 11.8670 ms
2026-05-28 14:03:30.946 +07:00 [DBG] Valid JWT token on /api/workorders
2026-05-28 14:03:30.955 +07:00 [INF] HTTP GET /api/workorders responded 200 in 9.7334 ms
2026-05-28 14:03:32.815 +07:00 [DBG] Valid JWT token on /api/cases
2026-05-28 14:03:32.825 +07:00 [INF] HTTP GET /api/cases responded 200 in 10.6793 ms
2026-05-28 14:03:32.880 +07:00 [DBG] Valid JWT token on /api/cases
2026-05-28 14:03:32.890 +07:00 [INF] HTTP GET /api/cases responded 200 in 10.7654 ms
2026-05-28 14:03:45.578 +07:00 [DBG] Valid JWT token on /api/auth/logout
2026-05-28 14:03:45.650 +07:00 [INF] User logged out. UserID=1
2026-05-28 14:03:45.657 +07:00 [INF] HTTP POST /api/auth/logout responded 200 in 81.4266 ms
2026-05-28 14:04:15.957 +07:00 [INF] User authenticated successfully. UserID=4 Role=Manager
2026-05-28 14:04:15.957 +07:00 [INF] HTTP POST /api/auth/login responded 200 in 14.4182 ms
2026-05-28 14:04:16.193 +07:00 [DBG] Valid JWT token on /api/cases
2026-05-28 14:04:16.205 +07:00 [INF] HTTP GET /api/cases responded 200 in 12.7140 ms
2026-05-28 14:04:16.221 +07:00 [DBG] Valid JWT token on /api/workorders
2026-05-28 14:04:16.242 +07:00 [INF] HTTP GET /api/workorders responded 200 in 22.5054 ms
2026-05-28 14:04:16.295 +07:00 [DBG] Valid JWT token on /api/cases
2026-05-28 14:04:16.313 +07:00 [INF] HTTP GET /api/cases responded 200 in 20.0028 ms
2026-05-28 14:04:16.357 +07:00 [DBG] Valid JWT token on /api/workorders
2026-05-28 14:04:16.369 +07:00 [INF] HTTP GET /api/workorders responded 200 in 13.2526 ms
2026-05-28 14:04:20.792 +07:00 [DBG] Valid JWT token on /api/cases
2026-05-28 14:04:20.800 +07:00 [INF] HTTP GET /api/cases responded 200 in 9.2992 ms
2026-05-28 14:04:20.836 +07:00 [DBG] Valid JWT token on /api/cases
2026-05-28 14:04:20.851 +07:00 [INF] HTTP GET /api/cases responded 200 in 15.4826 ms
2026-05-28 14:04:24.752 +07:00 [DBG] Valid JWT token on /api/cases
2026-05-28 14:04:24.839 +07:00 [INF] HTTP GET /api/cases responded 200 in 88.5055 ms
2026-05-28 14:04:26.753 +07:00 [DBG] Valid JWT token on /api/cases
2026-05-28 14:04:26.832 +07:00 [INF] HTTP GET /api/cases responded 200 in 80.0010 ms
2026-05-28 14:04:28.555 +07:00 [DBG] Valid JWT token on /api/workorders
2026-05-28 14:04:28.564 +07:00 [INF] HTTP GET /api/workorders responded 200 in 9.4399 ms
2026-05-28 14:04:28.566 +07:00 [DBG] Valid JWT token on /api/cases
2026-05-28 14:04:28.574 +07:00 [INF] HTTP GET /api/cases responded 200 in 8.8840 ms
2026-05-28 14:04:28.615 +07:00 [DBG] Valid JWT token on /api/workorders
2026-05-28 14:04:28.631 +07:00 [INF] HTTP GET /api/workorders responded 200 in 18.5235 ms
2026-05-28 14:04:28.687 +07:00 [DBG] Valid JWT token on /api/cases
2026-05-28 14:04:28.705 +07:00 [INF] HTTP GET /api/cases responded 200 in 18.2997 ms
2026-05-28 14:04:37.974 +07:00 [DBG] Valid JWT token on /api/cases
2026-05-28 14:04:37.984 +07:00 [INF] HTTP GET /api/cases responded 200 in 10.7650 ms
2026-05-28 14:04:38.024 +07:00 [DBG] Valid JWT token on /api/cases
2026-05-28 14:04:38.035 +07:00 [INF] HTTP GET /api/cases responded 200 in 12.5905 ms
2026-05-28 14:04:38.640 +07:00 [DBG] Valid JWT token on /api/workorders
2026-05-28 14:04:38.651 +07:00 [INF] HTTP GET /api/workorders responded 200 in 11.2396 ms
2026-05-28 14:04:38.698 +07:00 [DBG] Valid JWT token on /api/workorders
2026-05-28 14:04:38.730 +07:00 [INF] HTTP GET /api/workorders responded 200 in 32.7419 ms
2026-05-28 14:04:40.425 +07:00 [DBG] Valid JWT token on /api/cases
2026-05-28 14:04:40.436 +07:00 [INF] HTTP GET /api/cases responded 200 in 13.4404 ms
2026-05-28 14:04:40.475 +07:00 [DBG] Valid JWT token on /api/cases
2026-05-28 14:04:40.486 +07:00 [INF] HTTP GET /api/cases responded 200 in 12.0782 ms
2026-05-28 14:05:02.665 +07:00 [DBG] Valid JWT token on /api/workorders
2026-05-28 14:05:02.684 +07:00 [INF] HTTP GET /api/workorders responded 200 in 19.8915 ms
2026-05-28 14:05:02.844 +07:00 [DBG] Valid JWT token on /api/workorders
2026-05-28 14:05:02.854 +07:00 [INF] HTTP GET /api/workorders responded 200 in 10.4249 ms
2026-05-28 14:05:03.445 +07:00 [DBG] Valid JWT token on /api/cases
2026-05-28 14:05:03.453 +07:00 [INF] HTTP GET /api/cases responded 200 in 8.8442 ms
2026-05-28 14:05:03.569 +07:00 [DBG] Valid JWT token on /api/cases
2026-05-28 14:05:03.579 +07:00 [INF] HTTP GET /api/cases responded 200 in 10.5702 ms
2026-05-28 14:05:03.909 +07:00 [DBG] Valid JWT token on /api/workorders
2026-05-28 14:05:03.914 +07:00 [INF] HTTP GET /api/workorders responded 200 in 5.5059 ms
2026-05-28 14:05:03.929 +07:00 [DBG] Valid JWT token on /api/cases
2026-05-28 14:05:03.939 +07:00 [INF] HTTP GET /api/cases responded 200 in 12.0451 ms
2026-05-28 14:05:04.035 +07:00 [DBG] Valid JWT token on /api/workorders
2026-05-28 14:05:04.049 +07:00 [INF] HTTP GET /api/workorders responded 200 in 15.0773 ms
2026-05-28 14:05:04.053 +07:00 [DBG] Valid JWT token on /api/cases
2026-05-28 14:05:04.062 +07:00 [INF] HTTP GET /api/cases responded 200 in 9.4423 ms
2026-05-28 14:05:26.334 +07:00 [DBG] Valid JWT token on /api/cases
2026-05-28 14:05:26.353 +07:00 [INF] HTTP GET /api/cases responded 200 in 19.8228 ms
2026-05-28 14:05:26.401 +07:00 [DBG] Valid JWT token on /api/cases
2026-05-28 14:05:26.405 +07:00 [INF] HTTP GET /api/cases responded 200 in 5.0894 ms
2026-05-28 14:05:28.421 +07:00 [DBG] Valid JWT token on /api/cases
2026-05-28 14:05:28.425 +07:00 [INF] HTTP GET /api/cases responded 200 in 4.6768 ms
2026-05-28 14:06:22.754 +07:00 [DBG] Valid JWT token on /api/workorders
2026-05-28 14:06:22.762 +07:00 [INF] HTTP GET /api/workorders responded 200 in 9.5794 ms
2026-05-28 14:06:22.792 +07:00 [DBG] Valid JWT token on /api/workorders
2026-05-28 14:06:22.801 +07:00 [INF] HTTP GET /api/workorders responded 200 in 10.5984 ms
2026-05-28 14:06:23.453 +07:00 [DBG] Valid JWT token on /api/workorders
2026-05-28 14:06:23.453 +07:00 [DBG] Valid JWT token on /api/cases
2026-05-28 14:06:23.459 +07:00 [INF] HTTP GET /api/cases responded 200 in 5.5630 ms
2026-05-28 14:06:23.459 +07:00 [INF] HTTP GET /api/workorders responded 200 in 6.3803 ms
2026-05-28 14:06:23.487 +07:00 [DBG] Valid JWT token on /api/cases
2026-05-28 14:06:23.495 +07:00 [INF] HTTP GET /api/cases responded 200 in 9.1402 ms
2026-05-28 14:06:23.519 +07:00 [DBG] Valid JWT token on /api/workorders
2026-05-28 14:06:23.524 +07:00 [INF] HTTP GET /api/workorders responded 200 in 5.2652 ms
2026-05-28 14:06:23.940 +07:00 [DBG] Valid JWT token on /api/workorders
2026-05-28 14:06:23.950 +07:00 [INF] HTTP GET /api/workorders responded 200 in 11.0871 ms
2026-05-28 14:06:24.014 +07:00 [DBG] Valid JWT token on /api/workorders
2026-05-28 14:06:24.020 +07:00 [INF] HTTP GET /api/workorders responded 200 in 6.0430 ms
2026-05-28 14:06:26.360 +07:00 [DBG] Valid JWT token on /api/workorders
2026-05-28 14:06:26.360 +07:00 [DBG] Valid JWT token on /api/cases
2026-05-28 14:06:26.368 +07:00 [INF] HTTP GET /api/cases responded 200 in 8.2112 ms
2026-05-28 14:06:26.371 +07:00 [INF] HTTP GET /api/workorders responded 200 in 11.4842 ms
2026-05-28 14:06:26.418 +07:00 [DBG] Valid JWT token on /api/cases
2026-05-28 14:06:26.427 +07:00 [DBG] Valid JWT token on /api/workorders
2026-05-28 14:06:26.429 +07:00 [INF] HTTP GET /api/cases responded 200 in 11.7129 ms
2026-05-28 14:06:26.437 +07:00 [INF] HTTP GET /api/workorders responded 200 in 10.7284 ms
2026-05-28 14:06:41.282 +07:00 [DBG] Valid JWT token on /api/cases
2026-05-28 14:06:41.292 +07:00 [DBG] Valid JWT token on /api/workorders
2026-05-28 14:06:41.308 +07:00 [INF] HTTP GET /api/cases responded 200 in 26.8990 ms
2026-05-28 14:06:41.318 +07:00 [INF] HTTP GET /api/workorders responded 200 in 26.8356 ms
2026-05-28 14:06:41.482 +07:00 [DBG] Valid JWT token on /api/cases
2026-05-28 14:06:41.485 +07:00 [DBG] Valid JWT token on /api/workorders
2026-05-28 14:06:41.493 +07:00 [INF] HTTP GET /api/cases responded 200 in 12.4945 ms
2026-05-28 14:06:41.499 +07:00 [INF] HTTP GET /api/workorders responded 200 in 14.7873 ms
2026-05-28 14:07:29.289 +07:00 [DBG] Valid JWT token on /api/workorders
2026-05-28 14:07:29.289 +07:00 [DBG] Valid JWT token on /api/cases
2026-05-28 14:07:29.295 +07:00 [INF] HTTP GET /api/cases responded 200 in 7.2797 ms
2026-05-28 14:07:29.295 +07:00 [INF] HTTP GET /api/workorders responded 200 in 7.6452 ms
2026-05-28 14:07:29.329 +07:00 [DBG] Valid JWT token on /api/cases
2026-05-28 14:07:29.330 +07:00 [DBG] Valid JWT token on /api/workorders
2026-05-28 14:07:29.332 +07:00 [INF] HTTP GET /api/cases responded 200 in 2.9786 ms
2026-05-28 14:07:29.332 +07:00 [INF] HTTP GET /api/workorders responded 200 in 2.7976 ms
2026-05-28 15:09:32.423 +07:00 [DBG] Valid JWT token on /api/cases
2026-05-28 15:09:32.724 +07:00 [DBG] Valid JWT token on /api/workorders
2026-05-28 15:09:32.747 +07:00 [INF] HTTP GET /api/cases responded 200 in 393.3468 ms
2026-05-28 15:09:32.768 +07:00 [INF] HTTP GET /api/workorders responded 200 in 45.4807 ms
2026-05-28 15:09:32.813 +07:00 [DBG] Valid JWT token on /api/cases
2026-05-28 15:09:32.820 +07:00 [INF] HTTP GET /api/cases responded 200 in 10.8786 ms
2026-05-28 15:09:32.823 +07:00 [DBG] Valid JWT token on /api/workorders
2026-05-28 15:09:32.834 +07:00 [INF] HTTP GET /api/workorders responded 200 in 12.5980 ms
2026-05-28 15:09:34.160 +07:00 [DBG] Valid JWT token on /api/cases
2026-05-28 15:09:34.177 +07:00 [INF] HTTP GET /api/cases responded 200 in 21.2686 ms
2026-05-28 15:09:34.282 +07:00 [DBG] Valid JWT token on /api/cases
2026-05-28 15:09:34.289 +07:00 [INF] HTTP GET /api/cases responded 200 in 8.6381 ms
2026-05-28 15:10:14.707 +07:00 [DBG] Valid JWT token on /api/workorders
2026-05-28 15:10:14.721 +07:00 [INF] HTTP GET /api/workorders responded 200 in 15.8282 ms
2026-05-28 15:10:14.807 +07:00 [DBG] Valid JWT token on /api/workorders
2026-05-28 15:10:14.819 +07:00 [INF] HTTP GET /api/workorders responded 200 in 15.0049 ms
2026-05-28 15:10:15.335 +07:00 [DBG] Valid JWT token on /api/workorders
2026-05-28 15:10:15.344 +07:00 [INF] HTTP GET /api/workorders responded 200 in 9.6859 ms
2026-05-28 15:10:15.350 +07:00 [DBG] Valid JWT token on /api/cases
2026-05-28 15:10:15.365 +07:00 [INF] HTTP GET /api/cases responded 200 in 16.2769 ms
2026-05-28 15:10:15.410 +07:00 [DBG] Valid JWT token on /api/workorders
2026-05-28 15:10:15.420 +07:00 [INF] HTTP GET /api/workorders responded 200 in 10.3154 ms
2026-05-28 15:10:15.432 +07:00 [DBG] Valid JWT token on /api/cases
2026-05-28 15:10:15.440 +07:00 [INF] HTTP GET /api/cases responded 200 in 8.6624 ms
2026-05-28 15:10:23.795 +07:00 [DBG] Valid JWT token on /api/cases
2026-05-28 15:10:23.802 +07:00 [INF] HTTP GET /api/cases responded 200 in 7.8798 ms
2026-05-28 15:10:23.843 +07:00 [DBG] Valid JWT token on /api/cases
2026-05-28 15:10:23.853 +07:00 [INF] HTTP GET /api/cases responded 200 in 11.1724 ms
2026-05-28 15:10:24.515 +07:00 [DBG] Valid JWT token on /api/workorders
2026-05-28 15:10:24.522 +07:00 [INF] HTTP GET /api/workorders responded 200 in 8.4705 ms
2026-05-28 15:10:24.585 +07:00 [DBG] Valid JWT token on /api/workorders
2026-05-28 15:10:24.595 +07:00 [INF] HTTP GET /api/workorders responded 200 in 11.8545 ms
2026-05-28 15:10:27.380 +07:00 [DBG] Valid JWT token on /api/auth/logout
2026-05-28 15:10:27.495 +07:00 [INF] User logged out. UserID=4
2026-05-28 15:10:27.499 +07:00 [INF] HTTP POST /api/auth/logout responded 200 in 140.1363 ms
2026-05-28 15:11:44.673 +07:00 [INF] User authenticated successfully. UserID=1 Role=Admin
2026-05-28 15:11:44.673 +07:00 [INF] HTTP POST /api/auth/login responded 200 in 90.6436 ms
2026-05-28 15:11:44.992 +07:00 [DBG] Valid JWT token on /api/cases
2026-05-28 15:11:45.000 +07:00 [INF] HTTP GET /api/cases responded 200 in 9.7476 ms
2026-05-28 15:11:45.097 +07:00 [DBG] Valid JWT token on /api/workorders
2026-05-28 15:11:45.106 +07:00 [INF] HTTP GET /api/workorders responded 200 in 9.7688 ms
2026-05-28 15:11:45.152 +07:00 [DBG] Valid JWT token on /api/cases
2026-05-28 15:11:45.158 +07:00 [INF] HTTP GET /api/cases responded 200 in 6.3700 ms
2026-05-28 15:11:45.174 +07:00 [DBG] Valid JWT token on /api/workorders
2026-05-28 15:11:45.190 +07:00 [INF] HTTP GET /api/workorders responded 200 in 17.1013 ms
2026-05-28 15:12:02.668 +07:00 [DBG] Valid JWT token on /api/workorders
2026-05-28 15:12:02.675 +07:00 [INF] HTTP GET /api/workorders responded 200 in 6.9639 ms
2026-05-28 15:12:02.727 +07:00 [DBG] Valid JWT token on /api/workorders
2026-05-28 15:12:02.736 +07:00 [INF] HTTP GET /api/workorders responded 200 in 10.4343 ms
2026-05-28 15:12:03.452 +07:00 [DBG] Valid JWT token on /api/cases
2026-05-28 15:12:03.461 +07:00 [INF] HTTP GET /api/cases responded 200 in 10.1242 ms
2026-05-28 15:12:03.500 +07:00 [DBG] Valid JWT token on /api/cases
2026-05-28 15:12:03.511 +07:00 [INF] HTTP GET /api/cases responded 200 in 11.1817 ms
2026-05-28 15:12:06.925 +07:00 [DBG] Valid JWT token on /api/cases
2026-05-28 15:12:06.926 +07:00 [DBG] Valid JWT token on /api/workorders
2026-05-28 15:12:06.938 +07:00 [INF] HTTP GET /api/cases responded 200 in 13.6240 ms
2026-05-28 15:12:06.939 +07:00 [INF] HTTP GET /api/workorders responded 200 in 14.9797 ms
2026-05-28 15:12:06.976 +07:00 [DBG] Valid JWT token on /api/cases
2026-05-28 15:12:06.982 +07:00 [INF] HTTP GET /api/cases responded 200 in 6.0206 ms
2026-05-28 15:12:06.999 +07:00 [DBG] Valid JWT token on /api/workorders
2026-05-28 15:12:07.013 +07:00 [INF] HTTP GET /api/workorders responded 200 in 15.4091 ms
2026-05-28 15:12:15.099 +07:00 [DBG] Valid JWT token on /api/workorders
2026-05-28 15:12:15.111 +07:00 [INF] HTTP GET /api/workorders responded 200 in 12.2505 ms
2026-05-28 15:12:15.174 +07:00 [DBG] Valid JWT token on /api/workorders
2026-05-28 15:12:15.184 +07:00 [INF] HTTP GET /api/workorders responded 200 in 11.2796 ms
2026-05-28 15:12:17.284 +07:00 [DBG] Valid JWT token on /api/workorders
2026-05-28 15:12:17.291 +07:00 [INF] HTTP GET /api/workorders responded 200 in 9.1610 ms
2026-05-28 15:12:18.190 +07:00 [DBG] Valid JWT token on /api/workorders
2026-05-28 15:12:18.202 +07:00 [INF] HTTP GET /api/workorders responded 200 in 12.4777 ms
2026-05-28 15:12:21.491 +07:00 [DBG] Valid JWT token on /api/cases
2026-05-28 15:12:21.495 +07:00 [INF] HTTP GET /api/cases responded 200 in 5.2378 ms
2026-05-28 15:12:21.521 +07:00 [DBG] Valid JWT token on /api/cases
2026-05-28 15:12:21.535 +07:00 [INF] HTTP GET /api/cases responded 200 in 14.5098 ms
2026-05-28 15:12:25.455 +07:00 [DBG] Valid JWT token on /api/workorders
2026-05-28 15:12:25.461 +07:00 [DBG] Valid JWT token on /api/cases
2026-05-28 15:12:25.467 +07:00 [INF] HTTP GET /api/workorders responded 200 in 12.7431 ms
2026-05-28 15:12:25.467 +07:00 [INF] HTTP GET /api/cases responded 200 in 9.5333 ms
2026-05-28 15:12:25.584 +07:00 [DBG] Valid JWT token on /api/workorders
2026-05-28 15:12:25.585 +07:00 [DBG] Valid JWT token on /api/cases
2026-05-28 15:12:25.590 +07:00 [INF] HTTP GET /api/workorders responded 200 in 6.1192 ms
2026-05-28 15:12:25.590 +07:00 [INF] HTTP GET /api/cases responded 200 in 5.6814 ms
2026-05-28 15:13:29.022 +07:00 [DBG] Valid JWT token on /api/workorders
2026-05-28 15:13:29.030 +07:00 [INF] HTTP GET /api/workorders responded 200 in 8.7260 ms
2026-05-28 15:13:29.074 +07:00 [DBG] Valid JWT token on /api/workorders
2026-05-28 15:13:29.082 +07:00 [INF] HTTP GET /api/workorders responded 200 in 10.2102 ms
2026-05-28 15:13:31.610 +07:00 [DBG] Valid JWT token on /api/cases
2026-05-28 15:13:31.616 +07:00 [INF] HTTP GET /api/cases responded 200 in 7.7229 ms
2026-05-28 15:13:31.689 +07:00 [DBG] Valid JWT token on /api/cases
2026-05-28 15:13:31.696 +07:00 [INF] HTTP GET /api/cases responded 200 in 9.0747 ms
2026-05-28 15:13:32.933 +07:00 [DBG] Valid JWT token on /api/workorders
2026-05-28 15:13:32.933 +07:00 [DBG] Valid JWT token on /api/cases
2026-05-28 15:13:32.943 +07:00 [INF] HTTP GET /api/cases responded 200 in 10.3875 ms
2026-05-28 15:13:32.944 +07:00 [INF] HTTP GET /api/workorders responded 200 in 11.3814 ms
2026-05-28 15:13:33.024 +07:00 [DBG] Valid JWT token on /api/cases
2026-05-28 15:13:33.032 +07:00 [INF] HTTP GET /api/cases responded 200 in 9.5590 ms
2026-05-28 15:13:33.036 +07:00 [DBG] Valid JWT token on /api/workorders
2026-05-28 15:13:33.051 +07:00 [INF] HTTP GET /api/workorders responded 200 in 15.6059 ms
2026-05-28 15:13:34.247 +07:00 [DBG] Valid JWT token on /api/cases
2026-05-28 15:13:34.253 +07:00 [INF] HTTP GET /api/cases responded 200 in 7.2299 ms
2026-05-28 15:13:34.312 +07:00 [DBG] Valid JWT token on /api/cases
2026-05-28 15:13:34.318 +07:00 [INF] HTTP GET /api/cases responded 200 in 7.2500 ms
2026-05-28 15:13:35.411 +07:00 [DBG] Valid JWT token on /api/cases
2026-05-28 15:13:35.412 +07:00 [DBG] Valid JWT token on /api/workorders
2026-05-28 15:13:35.417 +07:00 [INF] HTTP GET /api/cases responded 200 in 5.8364 ms
2026-05-28 15:13:35.425 +07:00 [INF] HTTP GET /api/workorders responded 200 in 14.1681 ms
2026-05-28 15:13:35.483 +07:00 [DBG] Valid JWT token on /api/cases
2026-05-28 15:13:35.488 +07:00 [INF] HTTP GET /api/cases responded 200 in 5.7314 ms
2026-05-28 15:13:35.519 +07:00 [DBG] Valid JWT token on /api/workorders
2026-05-28 15:13:35.527 +07:00 [INF] HTTP GET /api/workorders responded 200 in 8.1200 ms
2026-05-28 15:13:37.452 +07:00 [DBG] Valid JWT token on /api/cases
2026-05-28 15:13:37.460 +07:00 [INF] HTTP GET /api/cases responded 200 in 8.9322 ms
2026-05-28 15:13:37.490 +07:00 [DBG] Valid JWT token on /api/cases
2026-05-28 15:13:37.496 +07:00 [INF] HTTP GET /api/cases responded 200 in 6.4152 ms
2026-05-28 15:13:38.865 +07:00 [DBG] Valid JWT token on /api/workorders
2026-05-28 15:13:38.877 +07:00 [INF] HTTP GET /api/workorders responded 200 in 12.4499 ms
2026-05-28 15:13:38.971 +07:00 [DBG] Valid JWT token on /api/workorders
2026-05-28 15:13:38.992 +07:00 [INF] HTTP GET /api/workorders responded 200 in 22.0777 ms
2026-05-28 15:13:39.827 +07:00 [DBG] Valid JWT token on /api/cases
2026-05-28 15:13:39.833 +07:00 [INF] HTTP GET /api/cases responded 200 in 7.1807 ms
2026-05-28 15:13:39.906 +07:00 [DBG] Valid JWT token on /api/cases
2026-05-28 15:13:39.914 +07:00 [INF] HTTP GET /api/cases responded 200 in 9.0891 ms
2026-05-28 15:15:54.337 +07:00 [DBG] Valid JWT token on /api/auth/logout
2026-05-28 15:15:54.390 +07:00 [INF] User logged out. UserID=1
2026-05-28 15:15:54.393 +07:00 [INF] HTTP POST /api/auth/logout responded 200 in 65.4062 ms
2026-05-28 15:18:42.768 +07:00 [INF] User authenticated successfully. UserID=1 Role=Admin
2026-05-28 15:18:42.771 +07:00 [INF] HTTP POST /api/auth/login responded 200 in 114.5451 ms
2026-05-28 15:18:42.942 +07:00 [DBG] Valid JWT token on /api/cases
2026-05-28 15:18:42.958 +07:00 [DBG] Valid JWT token on /api/workorders
2026-05-28 15:18:42.969 +07:00 [INF] HTTP GET /api/cases responded 200 in 27.1888 ms
2026-05-28 15:18:42.987 +07:00 [DBG] Valid JWT token on /api/cases
2026-05-28 15:18:42.989 +07:00 [INF] HTTP GET /api/cases responded 200 in 3.2883 ms
2026-05-28 15:18:42.990 +07:00 [INF] HTTP GET /api/workorders responded 200 in 32.0977 ms
2026-05-28 15:18:43.040 +07:00 [DBG] Valid JWT token on /api/workorders
2026-05-28 15:18:43.050 +07:00 [INF] HTTP GET /api/workorders responded 200 in 11.2191 ms
2026-05-28 15:18:51.541 +07:00 [DBG] Valid JWT token on /api/cases
2026-05-28 15:18:51.546 +07:00 [INF] HTTP GET /api/cases responded 200 in 5.1055 ms
2026-05-28 15:18:51.557 +07:00 [DBG] Valid JWT token on /api/cases
2026-05-28 15:18:51.563 +07:00 [INF] HTTP GET /api/cases responded 200 in 6.5229 ms
2026-05-28 15:18:52.510 +07:00 [DBG] Valid JWT token on /api/workorders
2026-05-28 15:18:52.517 +07:00 [INF] HTTP GET /api/workorders responded 200 in 6.8443 ms
2026-05-28 15:18:52.534 +07:00 [DBG] Valid JWT token on /api/workorders
2026-05-28 15:18:52.540 +07:00 [INF] HTTP GET /api/workorders responded 200 in 6.7150 ms
2026-05-28 15:19:01.351 +07:00 [DBG] Valid JWT token on /api/cases
2026-05-28 15:19:01.351 +07:00 [DBG] Valid JWT token on /api/workorders
2026-05-28 15:19:01.354 +07:00 [INF] HTTP GET /api/cases responded 200 in 3.1600 ms
2026-05-28 15:19:01.354 +07:00 [INF] HTTP GET /api/workorders responded 200 in 3.5652 ms
2026-05-28 15:19:01.380 +07:00 [DBG] Valid JWT token on /api/cases
2026-05-28 15:19:01.385 +07:00 [INF] HTTP GET /api/cases responded 200 in 5.9427 ms
2026-05-28 15:19:01.390 +07:00 [DBG] Valid JWT token on /api/workorders
2026-05-28 15:19:01.396 +07:00 [INF] HTTP GET /api/workorders responded 200 in 6.6058 ms
2026-05-28 15:19:15.486 +07:00 [DBG] Valid JWT token on /api/cases
2026-05-28 15:19:15.490 +07:00 [INF] HTTP GET /api/cases responded 200 in 4.9538 ms
2026-05-28 15:19:15.516 +07:00 [DBG] Valid JWT token on /api/cases
2026-05-28 15:19:15.520 +07:00 [INF] HTTP GET /api/cases responded 200 in 4.6412 ms
2026-05-28 15:19:17.334 +07:00 [DBG] Valid JWT token on /api/workorders
2026-05-28 15:19:17.339 +07:00 [INF] HTTP GET /api/workorders responded 200 in 6.5495 ms
2026-05-28 15:19:17.362 +07:00 [DBG] Valid JWT token on /api/workorders
2026-05-28 15:19:17.370 +07:00 [INF] HTTP GET /api/workorders responded 200 in 7.7976 ms
2026-05-28 15:19:20.513 +07:00 [DBG] Valid JWT token on /api/cases
2026-05-28 15:19:20.513 +07:00 [DBG] Valid JWT token on /api/workorders
2026-05-28 15:19:20.520 +07:00 [INF] HTTP GET /api/cases responded 200 in 7.6253 ms
2026-05-28 15:19:20.521 +07:00 [INF] HTTP GET /api/workorders responded 200 in 9.8479 ms
2026-05-28 15:19:20.556 +07:00 [DBG] Valid JWT token on /api/cases
2026-05-28 15:19:20.561 +07:00 [INF] HTTP GET /api/cases responded 200 in 5.4258 ms
2026-05-28 15:19:20.567 +07:00 [DBG] Valid JWT token on /api/workorders
2026-05-28 15:19:20.572 +07:00 [INF] HTTP GET /api/workorders responded 200 in 4.5683 ms
2026-05-28 15:20:10.879 +07:00 [DBG] Valid JWT token on /api/cases
2026-05-28 15:20:10.888 +07:00 [INF] HTTP GET /api/cases responded 200 in 10.4171 ms
2026-05-28 15:20:10.932 +07:00 [DBG] Valid JWT token on /api/cases
2026-05-28 15:20:10.939 +07:00 [INF] HTTP GET /api/cases responded 200 in 6.8562 ms
2026-05-28 15:20:56.246 +07:00 [DBG] Valid JWT token on /api/cases
2026-05-28 15:20:56.246 +07:00 [DBG] Valid JWT token on /api/workorders
2026-05-28 15:20:56.252 +07:00 [INF] HTTP GET /api/cases responded 200 in 6.3681 ms
2026-05-28 15:20:56.253 +07:00 [INF] HTTP GET /api/workorders responded 200 in 7.6919 ms
2026-05-28 15:20:56.275 +07:00 [DBG] Valid JWT token on /api/cases
2026-05-28 15:20:56.281 +07:00 [INF] HTTP GET /api/cases responded 200 in 6.5982 ms
2026-05-28 15:20:56.290 +07:00 [DBG] Valid JWT token on /api/workorders
2026-05-28 15:20:56.297 +07:00 [INF] HTTP GET /api/workorders responded 200 in 8.8282 ms
2026-05-28 15:20:57.654 +07:00 [DBG] Valid JWT token on /api/workorders
2026-05-28 15:20:57.661 +07:00 [INF] HTTP GET /api/workorders responded 200 in 7.5169 ms
2026-05-28 15:20:57.698 +07:00 [DBG] Valid JWT token on /api/workorders
2026-05-28 15:20:57.704 +07:00 [INF] HTTP GET /api/workorders responded 200 in 7.3963 ms
2026-05-28 15:21:26.068 +07:00 [DBG] Valid JWT token on /api/cases
2026-05-28 15:21:26.071 +07:00 [DBG] Valid JWT token on /api/workorders
2026-05-28 15:21:26.078 +07:00 [INF] HTTP GET /api/cases responded 200 in 11.1660 ms
2026-05-28 15:21:26.081 +07:00 [INF] HTTP GET /api/workorders responded 200 in 13.0733 ms
2026-05-28 15:21:26.115 +07:00 [DBG] Valid JWT token on /api/cases
2026-05-28 15:21:26.125 +07:00 [INF] HTTP GET /api/cases responded 200 in 11.4692 ms
2026-05-28 15:21:26.138 +07:00 [DBG] Valid JWT token on /api/workorders
2026-05-28 15:21:26.155 +07:00 [INF] HTTP GET /api/workorders responded 200 in 18.8145 ms
2026-05-28 15:21:38.335 +07:00 [DBG] Valid JWT token on /api/workorders
2026-05-28 15:21:38.335 +07:00 [DBG] Valid JWT token on /api/cases
2026-05-28 15:21:38.359 +07:00 [INF] HTTP GET /api/cases responded 200 in 25.3402 ms
2026-05-28 15:21:38.366 +07:00 [INF] HTTP GET /api/workorders responded 200 in 31.9998 ms
2026-05-28 15:21:38.428 +07:00 [DBG] Valid JWT token on /api/cases
2026-05-28 15:21:38.428 +07:00 [DBG] Valid JWT token on /api/workorders
2026-05-28 15:21:38.434 +07:00 [INF] HTTP GET /api/cases responded 200 in 6.2558 ms
2026-05-28 15:21:38.434 +07:00 [INF] HTTP GET /api/workorders responded 200 in 6.4675 ms
2026-05-28 15:22:01.862 +07:00 [DBG] Valid JWT token on /api/workorders
2026-05-28 15:22:01.871 +07:00 [INF] HTTP GET /api/workorders responded 200 in 9.9296 ms
2026-05-28 15:22:01.901 +07:00 [DBG] Valid JWT token on /api/workorders
2026-05-28 15:22:01.908 +07:00 [INF] HTTP GET /api/workorders responded 200 in 7.7358 ms
2026-05-28 15:22:03.316 +07:00 [DBG] Valid JWT token on /api/workorders
2026-05-28 15:22:03.316 +07:00 [DBG] Valid JWT token on /api/cases
2026-05-28 15:22:03.322 +07:00 [INF] HTTP GET /api/cases responded 200 in 6.3633 ms
2026-05-28 15:22:03.324 +07:00 [INF] HTTP GET /api/workorders responded 200 in 7.5963 ms
2026-05-28 15:22:03.345 +07:00 [DBG] Valid JWT token on /api/cases
2026-05-28 15:22:03.355 +07:00 [INF] HTTP GET /api/cases responded 200 in 10.6112 ms
2026-05-28 15:22:03.381 +07:00 [DBG] Valid JWT token on /api/workorders
2026-05-28 15:22:03.387 +07:00 [INF] HTTP GET /api/workorders responded 200 in 6.2099 ms
2026-05-28 15:22:22.226 +07:00 [DBG] Valid JWT token on /api/cases
2026-05-28 15:22:22.232 +07:00 [INF] HTTP GET /api/cases responded 200 in 6.3659 ms
2026-05-28 15:22:22.264 +07:00 [DBG] Valid JWT token on /api/cases
2026-05-28 15:22:22.280 +07:00 [INF] HTTP GET /api/cases responded 200 in 16.7686 ms
2026-05-28 15:25:03.294 +07:00 [DBG] Valid JWT token on /api/workorders
2026-05-28 15:25:03.301 +07:00 [INF] HTTP GET /api/workorders responded 200 in 8.6312 ms
2026-05-28 15:25:03.320 +07:00 [DBG] Valid JWT token on /api/workorders
2026-05-28 15:25:03.326 +07:00 [INF] HTTP GET /api/workorders responded 200 in 6.8223 ms
2026-05-28 15:25:04.155 +07:00 [DBG] Valid JWT token on /api/cases
2026-05-28 15:25:04.155 +07:00 [DBG] Valid JWT token on /api/workorders
2026-05-28 15:25:04.160 +07:00 [INF] HTTP GET /api/cases responded 200 in 5.8165 ms
2026-05-28 15:25:04.163 +07:00 [INF] HTTP GET /api/workorders responded 200 in 7.7293 ms
2026-05-28 15:25:04.185 +07:00 [DBG] Valid JWT token on /api/cases
2026-05-28 15:25:04.188 +07:00 [INF] HTTP GET /api/cases responded 200 in 3.9727 ms
2026-05-28 15:25:04.193 +07:00 [DBG] Valid JWT token on /api/workorders
2026-05-28 15:25:04.201 +07:00 [INF] HTTP GET /api/workorders responded 200 in 9.0406 ms
2026-05-28 15:25:31.188 +07:00 [DBG] Valid JWT token on /api/workorders
2026-05-28 15:25:31.194 +07:00 [INF] HTTP GET /api/workorders responded 200 in 7.7431 ms
2026-05-28 15:25:31.211 +07:00 [DBG] Valid JWT token on /api/workorders
2026-05-28 15:25:31.220 +07:00 [INF] HTTP GET /api/workorders responded 200 in 10.3564 ms
2026-05-28 15:26:09.752 +07:00 [DBG] Valid JWT token on /api/cases
2026-05-28 15:26:09.753 +07:00 [DBG] Valid JWT token on /api/workorders
2026-05-28 15:26:09.759 +07:00 [INF] HTTP GET /api/cases responded 200 in 7.6360 ms
2026-05-28 15:26:09.766 +07:00 [INF] HTTP GET /api/workorders responded 200 in 14.9468 ms
2026-05-28 15:26:09.821 +07:00 [DBG] Valid JWT token on /api/workorders
2026-05-28 15:26:09.821 +07:00 [DBG] Valid JWT token on /api/cases
2026-05-28 15:26:09.827 +07:00 [INF] HTTP GET /api/cases responded 200 in 6.7413 ms
2026-05-28 15:26:09.842 +07:00 [INF] HTTP GET /api/workorders responded 200 in 22.0243 ms
2026-05-28 15:26:12.200 +07:00 [DBG] Valid JWT token on /api/workorders
2026-05-28 15:26:12.206 +07:00 [INF] HTTP GET /api/workorders responded 200 in 6.6068 ms
2026-05-28 15:26:12.226 +07:00 [DBG] Valid JWT token on /api/workorders
2026-05-28 15:26:12.230 +07:00 [INF] HTTP GET /api/workorders responded 200 in 5.1408 ms
2026-05-28 15:26:13.607 +07:00 [DBG] Valid JWT token on /api/cases
2026-05-28 15:26:13.620 +07:00 [INF] HTTP GET /api/cases responded 200 in 13.6529 ms
2026-05-28 15:26:13.653 +07:00 [DBG] Valid JWT token on /api/cases
2026-05-28 15:26:13.673 +07:00 [INF] HTTP GET /api/cases responded 200 in 20.3985 ms
2026-05-28 15:26:14.404 +07:00 [DBG] Valid JWT token on /api/workorders
2026-05-28 15:26:14.405 +07:00 [DBG] Valid JWT token on /api/cases
2026-05-28 15:26:14.410 +07:00 [INF] HTTP GET /api/cases responded 200 in 4.7080 ms
2026-05-28 15:26:14.410 +07:00 [INF] HTTP GET /api/workorders responded 200 in 6.7329 ms
2026-05-28 15:26:14.428 +07:00 [DBG] Valid JWT token on /api/cases
2026-05-28 15:26:14.433 +07:00 [INF] HTTP GET /api/cases responded 200 in 5.3911 ms
2026-05-28 15:26:14.474 +07:00 [DBG] Valid JWT token on /api/workorders
2026-05-28 15:26:14.478 +07:00 [INF] HTTP GET /api/workorders responded 200 in 4.2652 ms
2026-05-28 15:26:29.528 +07:00 [DBG] Valid JWT token on /api/cases
2026-05-28 15:26:29.532 +07:00 [INF] HTTP GET /api/cases responded 200 in 4.9941 ms
2026-05-28 15:26:29.572 +07:00 [DBG] Valid JWT token on /api/cases
2026-05-28 15:26:29.577 +07:00 [INF] HTTP GET /api/cases responded 200 in 5.0508 ms
2026-05-28 15:26:30.441 +07:00 [DBG] Valid JWT token on /api/workorders
2026-05-28 15:26:30.445 +07:00 [INF] HTTP GET /api/workorders responded 200 in 5.3360 ms
2026-05-28 15:26:30.464 +07:00 [DBG] Valid JWT token on /api/workorders
2026-05-28 15:26:30.467 +07:00 [INF] HTTP GET /api/workorders responded 200 in 3.5785 ms
2026-05-28 15:26:59.915 +07:00 [DBG] Valid JWT token on /api/cases
2026-05-28 15:26:59.918 +07:00 [INF] HTTP GET /api/cases responded 200 in 2.6775 ms
2026-05-28 15:26:59.932 +07:00 [DBG] Valid JWT token on /api/cases
2026-05-28 15:26:59.935 +07:00 [INF] HTTP GET /api/cases responded 200 in 2.9821 ms
2026-05-28 15:27:00.496 +07:00 [DBG] Valid JWT token on /api/workorders
2026-05-28 15:27:00.501 +07:00 [INF] HTTP GET /api/workorders responded 200 in 5.4460 ms
2026-05-28 15:27:00.501 +07:00 [DBG] Valid JWT token on /api/cases
2026-05-28 15:27:00.504 +07:00 [INF] HTTP GET /api/cases responded 200 in 8.1668 ms
2026-05-28 15:27:00.515 +07:00 [DBG] Valid JWT token on /api/workorders
2026-05-28 15:27:00.518 +07:00 [INF] HTTP GET /api/workorders responded 200 in 2.5923 ms
2026-05-28 15:27:00.522 +07:00 [DBG] Valid JWT token on /api/cases
2026-05-28 15:27:00.526 +07:00 [INF] HTTP GET /api/cases responded 200 in 4.6955 ms
2026-05-28 15:27:02.447 +07:00 [DBG] Valid JWT token on /api/workorders
2026-05-28 15:27:02.450 +07:00 [INF] HTTP GET /api/workorders responded 200 in 3.9210 ms
2026-05-28 15:27:02.486 +07:00 [DBG] Valid JWT token on /api/workorders
2026-05-28 15:27:02.492 +07:00 [INF] HTTP GET /api/workorders responded 200 in 5.6279 ms
2026-05-28 15:27:03.588 +07:00 [DBG] Valid JWT token on /api/workorders
2026-05-28 15:27:03.589 +07:00 [DBG] Valid JWT token on /api/cases
2026-05-28 15:27:03.593 +07:00 [INF] HTTP GET /api/cases responded 200 in 3.9579 ms
2026-05-28 15:27:03.593 +07:00 [INF] HTTP GET /api/workorders responded 200 in 4.9837 ms
2026-05-28 15:27:03.617 +07:00 [DBG] Valid JWT token on /api/cases
2026-05-28 15:27:03.619 +07:00 [INF] HTTP GET /api/cases responded 200 in 3.1180 ms
2026-05-28 15:27:03.627 +07:00 [DBG] Valid JWT token on /api/workorders
2026-05-28 15:27:03.629 +07:00 [INF] HTTP GET /api/workorders responded 200 in 2.9061 ms
2026-05-28 15:27:04.556 +07:00 [DBG] Valid JWT token on /api/cases
2026-05-28 15:27:04.560 +07:00 [INF] HTTP GET /api/cases responded 200 in 3.7736 ms
2026-05-28 15:27:04.575 +07:00 [DBG] Valid JWT token on /api/cases
2026-05-28 15:27:04.578 +07:00 [INF] HTTP GET /api/cases responded 200 in 3.9816 ms
2026-05-28 15:27:14.480 +07:00 [DBG] Valid JWT token on /api/cases
2026-05-28 15:27:14.482 +07:00 [INF] HTTP GET /api/cases responded 200 in 1.7225 ms
2026-05-28 15:27:15.045 +07:00 [DBG] Valid JWT token on /api/cases
2026-05-28 15:27:15.048 +07:00 [INF] HTTP GET /api/cases responded 200 in 3.1723 ms
2026-05-28 15:27:15.498 +07:00 [DBG] Valid JWT token on /api/cases
2026-05-28 15:27:15.501 +07:00 [INF] HTTP GET /api/cases responded 200 in 2.7425 ms
2026-05-28 15:27:17.367 +07:00 [DBG] Valid JWT token on /api/workorders
2026-05-28 15:27:17.371 +07:00 [INF] HTTP GET /api/workorders responded 200 in 3.7975 ms
2026-05-28 15:27:17.391 +07:00 [DBG] Valid JWT token on /api/workorders
2026-05-28 15:27:17.397 +07:00 [INF] HTTP GET /api/workorders responded 200 in 6.7280 ms
2026-05-28 15:27:24.177 +07:00 [DBG] Valid JWT token on /api/workorders
2026-05-28 15:27:24.178 +07:00 [DBG] Valid JWT token on /api/cases
2026-05-28 15:27:24.180 +07:00 [INF] HTTP GET /api/workorders responded 200 in 3.4420 ms
2026-05-28 15:27:24.181 +07:00 [INF] HTTP GET /api/cases responded 200 in 4.0530 ms
2026-05-28 15:27:24.209 +07:00 [DBG] Valid JWT token on /api/workorders
2026-05-28 15:27:24.215 +07:00 [INF] HTTP GET /api/workorders responded 200 in 7.1013 ms
2026-05-28 15:27:24.230 +07:00 [DBG] Valid JWT token on /api/cases
2026-05-28 15:27:24.234 +07:00 [INF] HTTP GET /api/cases responded 200 in 4.1780 ms
2026-05-28 15:27:24.887 +07:00 [DBG] Valid JWT token on /api/cases
2026-05-28 15:27:24.894 +07:00 [INF] HTTP GET /api/cases responded 200 in 7.2846 ms
2026-05-28 15:27:24.920 +07:00 [DBG] Valid JWT token on /api/cases
2026-05-28 15:27:24.925 +07:00 [INF] HTTP GET /api/cases responded 200 in 5.3255 ms
2026-05-28 15:27:25.978 +07:00 [DBG] Valid JWT token on /api/workorders
2026-05-28 15:27:25.981 +07:00 [INF] HTTP GET /api/workorders responded 200 in 4.2608 ms
2026-05-28 15:27:26.010 +07:00 [DBG] Valid JWT token on /api/workorders
2026-05-28 15:27:26.014 +07:00 [INF] HTTP GET /api/workorders responded 200 in 5.2586 ms
2026-05-28 15:27:27.085 +07:00 [DBG] Valid JWT token on /api/cases
2026-05-28 15:27:27.095 +07:00 [INF] HTTP GET /api/cases responded 200 in 9.5972 ms
2026-05-28 15:27:27.115 +07:00 [DBG] Valid JWT token on /api/cases
2026-05-28 15:27:27.118 +07:00 [INF] HTTP GET /api/cases responded 200 in 3.8624 ms
2026-05-28 15:27:27.489 +07:00 [DBG] Valid JWT token on /api/workorders
2026-05-28 15:27:27.489 +07:00 [DBG] Valid JWT token on /api/cases
2026-05-28 15:27:27.493 +07:00 [INF] HTTP GET /api/workorders responded 200 in 4.4438 ms
2026-05-28 15:27:27.493 +07:00 [INF] HTTP GET /api/cases responded 200 in 3.9815 ms
2026-05-28 15:27:27.507 +07:00 [DBG] Valid JWT token on /api/workorders
2026-05-28 15:27:27.511 +07:00 [INF] HTTP GET /api/workorders responded 200 in 4.7728 ms
2026-05-28 15:27:27.517 +07:00 [DBG] Valid JWT token on /api/cases
2026-05-28 15:27:27.521 +07:00 [INF] HTTP GET /api/cases responded 200 in 4.3241 ms
2026-05-28 15:28:28.551 +07:00 [DBG] Valid JWT token on /api/cases
2026-05-28 15:28:28.554 +07:00 [INF] HTTP GET /api/cases responded 200 in 3.4842 ms
2026-05-28 15:28:28.568 +07:00 [DBG] Valid JWT token on /api/cases
2026-05-28 15:28:28.574 +07:00 [INF] HTTP GET /api/cases responded 200 in 6.1595 ms
2026-05-28 15:28:29.285 +07:00 [DBG] Valid JWT token on /api/workorders
2026-05-28 15:28:29.291 +07:00 [INF] HTTP GET /api/workorders responded 200 in 5.9239 ms
2026-05-28 15:28:29.304 +07:00 [DBG] Valid JWT token on /api/workorders
2026-05-28 15:28:29.309 +07:00 [INF] HTTP GET /api/workorders responded 200 in 5.3971 ms
2026-05-28 15:28:30.036 +07:00 [DBG] Valid JWT token on /api/workorders
2026-05-28 15:28:30.037 +07:00 [DBG] Valid JWT token on /api/cases
2026-05-28 15:28:30.041 +07:00 [INF] HTTP GET /api/workorders responded 200 in 4.4920 ms
2026-05-28 15:28:30.041 +07:00 [INF] HTTP GET /api/cases responded 200 in 4.3422 ms
2026-05-28 15:28:30.057 +07:00 [DBG] Valid JWT token on /api/cases
2026-05-28 15:28:30.062 +07:00 [INF] HTTP GET /api/cases responded 200 in 4.6138 ms
2026-05-28 15:28:30.067 +07:00 [DBG] Valid JWT token on /api/workorders
2026-05-28 15:28:30.069 +07:00 [INF] HTTP GET /api/workorders responded 200 in 2.2290 ms
2026-05-28 15:28:33.046 +07:00 [DBG] Valid JWT token on /api/cases
2026-05-28 15:28:33.048 +07:00 [INF] HTTP GET /api/cases responded 200 in 2.4272 ms
2026-05-28 15:28:33.069 +07:00 [DBG] Valid JWT token on /api/cases
2026-05-28 15:28:33.072 +07:00 [INF] HTTP GET /api/cases responded 200 in 3.2467 ms
2026-05-28 15:28:34.159 +07:00 [DBG] Valid JWT token on /api/workorders
2026-05-28 15:28:34.162 +07:00 [INF] HTTP GET /api/workorders responded 200 in 3.7200 ms
2026-05-28 15:28:34.194 +07:00 [DBG] Valid JWT token on /api/workorders
2026-05-28 15:28:34.197 +07:00 [INF] HTTP GET /api/workorders responded 200 in 4.0385 ms
2026-05-28 15:29:09.563 +07:00 [DBG] Valid JWT token on /api/workorders
2026-05-28 15:29:09.563 +07:00 [DBG] Valid JWT token on /api/cases
2026-05-28 15:29:09.569 +07:00 [INF] HTTP GET /api/workorders responded 200 in 6.5974 ms
2026-05-28 15:29:09.569 +07:00 [INF] HTTP GET /api/cases responded 200 in 6.1727 ms
2026-05-28 15:29:09.599 +07:00 [DBG] Valid JWT token on /api/workorders
2026-05-28 15:29:09.607 +07:00 [INF] HTTP GET /api/workorders responded 200 in 9.1652 ms
2026-05-28 15:29:09.617 +07:00 [DBG] Valid JWT token on /api/cases
2026-05-28 15:29:09.625 +07:00 [INF] HTTP GET /api/cases responded 200 in 9.9988 ms
2026-05-28 15:29:10.370 +07:00 [DBG] Valid JWT token on /api/cases
2026-05-28 15:29:10.376 +07:00 [INF] HTTP GET /api/cases responded 200 in 6.6222 ms
2026-05-28 15:29:10.397 +07:00 [DBG] Valid JWT token on /api/cases
2026-05-28 15:29:10.400 +07:00 [INF] HTTP GET /api/cases responded 200 in 2.7686 ms
2026-05-28 21:59:21.860 +07:00 [DBG] Valid JWT token on /api/cases
2026-05-28 21:59:21.992 +07:00 [INF] HTTP GET /api/cases responded 200 in 196.4048 ms
2026-05-28 21:59:22.013 +07:00 [DBG] Valid JWT token on /api/cases
2026-05-28 21:59:22.023 +07:00 [INF] HTTP GET /api/cases responded 200 in 11.1032 ms
2026-05-28 22:00:16.433 +07:00 [DBG] Valid JWT token on /api/cases
2026-05-28 22:00:16.471 +07:00 [INF] HTTP GET /api/cases responded 200 in 49.2727 ms
2026-05-28 22:01:18.095 +07:00 [DBG] Valid JWT token on /api/cases
2026-05-28 22:01:18.100 +07:00 [DBG] Valid JWT token on /api/workorders
2026-05-28 22:01:18.141 +07:00 [INF] HTTP GET /api/cases responded 200 in 48.2841 ms
2026-05-28 22:01:18.202 +07:00 [INF] HTTP GET /api/workorders responded 200 in 108.1392 ms
2026-05-28 22:01:18.209 +07:00 [DBG] Valid JWT token on /api/cases
2026-05-28 22:01:18.226 +07:00 [INF] HTTP GET /api/cases responded 200 in 26.6939 ms
2026-05-28 22:01:18.308 +07:00 [DBG] Valid JWT token on /api/workorders
2026-05-28 22:01:18.320 +07:00 [INF] HTTP GET /api/workorders responded 200 in 13.7103 ms
2026-05-28 22:17:09.261 +07:00 [DBG] Valid JWT token on /api/cases
2026-05-28 22:17:09.466 +07:00 [INF] HTTP GET /api/cases responded 200 in 240.6330 ms
2026-05-28 22:17:09.486 +07:00 [DBG] Valid JWT token on /api/cases
2026-05-28 22:17:09.491 +07:00 [INF] HTTP GET /api/cases responded 200 in 5.5342 ms
2026-05-28 22:17:10.026 +07:00 [DBG] Valid JWT token on /api/workorders
2026-05-28 22:17:10.046 +07:00 [INF] HTTP GET /api/workorders responded 200 in 20.2436 ms
2026-05-28 22:17:10.064 +07:00 [DBG] Valid JWT token on /api/workorders
2026-05-28 22:17:10.068 +07:00 [INF] HTTP GET /api/workorders responded 200 in 4.3463 ms
2026-05-28 22:17:12.071 +07:00 [DBG] Valid JWT token on /api/cases
2026-05-28 22:17:12.084 +07:00 [INF] HTTP GET /api/cases responded 200 in 13.7789 ms
2026-05-28 22:17:12.113 +07:00 [DBG] Valid JWT token on /api/cases
2026-05-28 22:17:12.121 +07:00 [INF] HTTP GET /api/cases responded 200 in 9.5041 ms
2026-05-28 22:17:13.054 +07:00 [DBG] Valid JWT token on /api/cases
2026-05-28 22:17:13.054 +07:00 [DBG] Valid JWT token on /api/workorders
2026-05-28 22:17:13.063 +07:00 [INF] HTTP GET /api/workorders responded 200 in 9.5828 ms
2026-05-28 22:17:13.076 +07:00 [INF] HTTP GET /api/cases responded 200 in 22.7134 ms
2026-05-28 22:17:13.081 +07:00 [DBG] Valid JWT token on /api/workorders
2026-05-28 22:17:13.088 +07:00 [INF] HTTP GET /api/workorders responded 200 in 7.7980 ms
2026-05-28 22:17:13.105 +07:00 [DBG] Valid JWT token on /api/cases
2026-05-28 22:17:13.112 +07:00 [INF] HTTP GET /api/cases responded 200 in 7.7752 ms
2026-05-28 22:17:40.094 +07:00 [DBG] Valid JWT token on /api/workorders
2026-05-28 22:17:40.103 +07:00 [INF] HTTP GET /api/workorders responded 200 in 10.1988 ms
2026-05-28 22:17:40.123 +07:00 [DBG] Valid JWT token on /api/workorders
2026-05-28 22:17:40.134 +07:00 [INF] HTTP GET /api/workorders responded 200 in 11.5773 ms
2026-05-28 22:17:52.801 +07:00 [DBG] Valid JWT token on /api/cases
2026-05-28 22:17:52.809 +07:00 [INF] HTTP GET /api/cases responded 200 in 8.4567 ms
2026-05-28 22:17:52.830 +07:00 [DBG] Valid JWT token on /api/cases
2026-05-28 22:17:52.836 +07:00 [INF] HTTP GET /api/cases responded 200 in 6.6263 ms
2026-05-28 22:17:53.586 +07:00 [DBG] Valid JWT token on /api/cases
2026-05-28 22:17:53.588 +07:00 [DBG] Valid JWT token on /api/workorders
2026-05-28 22:17:53.596 +07:00 [INF] HTTP GET /api/cases responded 200 in 11.0260 ms
2026-05-28 22:17:53.610 +07:00 [INF] HTTP GET /api/workorders responded 200 in 22.3871 ms
2026-05-28 22:17:53.652 +07:00 [DBG] Valid JWT token on /api/cases
2026-05-28 22:17:53.654 +07:00 [DBG] Valid JWT token on /api/workorders
2026-05-28 22:17:53.660 +07:00 [INF] HTTP GET /api/cases responded 200 in 9.4990 ms
2026-05-28 22:17:53.662 +07:00 [INF] HTTP GET /api/workorders responded 200 in 9.9048 ms
2026-05-28 22:20:42.095 +07:00 [DBG] Valid JWT token on /api/workorders
2026-05-28 22:20:42.098 +07:00 [DBG] Valid JWT token on /api/cases
2026-05-28 22:20:42.098 +07:00 [INF] HTTP GET /api/workorders responded 200 in 3.3956 ms
2026-05-28 22:20:42.102 +07:00 [INF] HTTP GET /api/cases responded 200 in 7.6708 ms
2026-05-28 22:20:42.117 +07:00 [DBG] Valid JWT token on /api/workorders
2026-05-28 22:20:42.119 +07:00 [INF] HTTP GET /api/workorders responded 200 in 2.1912 ms
2026-05-28 22:20:42.125 +07:00 [DBG] Valid JWT token on /api/cases
2026-05-28 22:20:42.128 +07:00 [INF] HTTP GET /api/cases responded 200 in 3.1698 ms
2026-05-28 22:27:07.845 +07:00 [INF] User authenticated successfully. UserID=1 Role=Admin
2026-05-28 22:27:07.866 +07:00 [INF] HTTP POST /api/auth/login responded 200 in 382.5812 ms
2026-05-28 22:27:08.032 +07:00 [DBG] Valid JWT token on /api/cases
2026-05-28 22:27:08.032 +07:00 [DBG] Valid JWT token on /api/workorders
2026-05-28 22:27:08.053 +07:00 [INF] HTTP GET /api/cases responded 200 in 25.1911 ms
2026-05-28 22:27:08.072 +07:00 [INF] HTTP GET /api/workorders responded 200 in 44.0992 ms
2026-05-28 22:27:08.086 +07:00 [DBG] Valid JWT token on /api/cases
2026-05-28 22:27:08.087 +07:00 [DBG] Valid JWT token on /api/workorders
2026-05-28 22:27:08.091 +07:00 [INF] HTTP GET /api/workorders responded 200 in 5.0571 ms
2026-05-28 22:27:08.091 +07:00 [INF] HTTP GET /api/cases responded 200 in 6.4684 ms
2026-05-28 22:27:08.844 +07:00 [DBG] Valid JWT token on /api/cases
2026-05-28 22:27:08.850 +07:00 [DBG] Valid JWT token on /api/workorders
2026-05-28 22:27:08.850 +07:00 [INF] HTTP GET /api/cases responded 200 in 6.9680 ms
2026-05-28 22:27:08.859 +07:00 [INF] HTTP GET /api/workorders responded 200 in 10.4501 ms
2026-05-28 22:27:08.865 +07:00 [DBG] Valid JWT token on /api/cases
2026-05-28 22:27:08.869 +07:00 [INF] HTTP GET /api/cases responded 200 in 4.5231 ms
2026-05-28 22:27:08.894 +07:00 [DBG] Valid JWT token on /api/workorders
2026-05-28 22:27:08.899 +07:00 [INF] HTTP GET /api/workorders responded 200 in 5.4709 ms
2026-05-28 22:27:11.171 +07:00 [DBG] Valid JWT token on /api/cases
2026-05-28 22:27:11.176 +07:00 [INF] HTTP GET /api/cases responded 200 in 6.0117 ms
2026-05-28 22:27:11.226 +07:00 [DBG] Valid JWT token on /api/cases
2026-05-28 22:27:11.230 +07:00 [INF] HTTP GET /api/cases responded 200 in 4.6626 ms
2026-05-28 22:27:19.695 +07:00 [DBG] Valid JWT token on /api/cases
2026-05-28 22:27:19.696 +07:00 [DBG] Valid JWT token on /api/workorders
2026-05-28 22:27:19.702 +07:00 [INF] HTTP GET /api/cases responded 200 in 7.5484 ms
2026-05-28 22:27:19.703 +07:00 [INF] HTTP GET /api/workorders responded 200 in 7.4182 ms
2026-05-28 22:27:19.726 +07:00 [DBG] Valid JWT token on /api/cases
2026-05-28 22:27:19.731 +07:00 [DBG] Valid JWT token on /api/workorders
2026-05-28 22:27:19.732 +07:00 [INF] HTTP GET /api/cases responded 200 in 8.4285 ms
2026-05-28 22:27:19.736 +07:00 [INF] HTTP GET /api/workorders responded 200 in 5.8353 ms
2026-05-28 22:27:22.061 +07:00 [DBG] Valid JWT token on /api/cases
2026-05-28 22:27:22.061 +07:00 [DBG] Valid JWT token on /api/workorders
2026-05-28 22:27:22.063 +07:00 [INF] HTTP GET /api/cases responded 200 in 3.0781 ms
2026-05-28 22:27:22.065 +07:00 [INF] HTTP GET /api/workorders responded 200 in 5.1180 ms
2026-05-28 22:27:22.077 +07:00 [DBG] Valid JWT token on /api/cases
2026-05-28 22:27:22.083 +07:00 [INF] HTTP GET /api/cases responded 200 in 7.0830 ms
2026-05-28 22:27:22.093 +07:00 [DBG] Valid JWT token on /api/workorders
2026-05-28 22:27:22.099 +07:00 [INF] HTTP GET /api/workorders responded 200 in 6.9864 ms
2026-05-28 22:27:24.565 +07:00 [DBG] Valid JWT token on /api/workorders
2026-05-28 22:27:24.566 +07:00 [DBG] Valid JWT token on /api/cases
2026-05-28 22:27:24.576 +07:00 [INF] HTTP GET /api/workorders responded 200 in 11.0350 ms
2026-05-28 22:27:24.578 +07:00 [INF] HTTP GET /api/cases responded 200 in 13.0450 ms
2026-05-28 22:27:24.600 +07:00 [DBG] Valid JWT token on /api/workorders
2026-05-28 22:27:24.609 +07:00 [INF] HTTP GET /api/workorders responded 200 in 9.4273 ms
2026-05-28 22:27:24.613 +07:00 [DBG] Valid JWT token on /api/cases
2026-05-28 22:27:24.620 +07:00 [INF] HTTP GET /api/cases responded 200 in 7.4671 ms
2026-05-28 22:27:27.928 +07:00 [DBG] Valid JWT token on /api/cases
2026-05-28 22:27:27.936 +07:00 [INF] HTTP GET /api/cases responded 200 in 10.0038 ms
2026-05-28 22:27:27.988 +07:00 [DBG] Valid JWT token on /api/cases
2026-05-28 22:27:27.993 +07:00 [INF] HTTP GET /api/cases responded 200 in 5.5843 ms
2026-05-28 22:28:17.428 +07:00 [DBG] Valid JWT token on /api/cases
2026-05-28 22:28:17.439 +07:00 [INF] HTTP GET /api/cases responded 200 in 11.7387 ms
2026-05-28 22:28:17.456 +07:00 [DBG] Valid JWT token on /api/cases
2026-05-28 22:28:17.464 +07:00 [INF] HTTP GET /api/cases responded 200 in 8.7528 ms
2026-05-28 22:28:53.795 +07:00 [DBG] Valid JWT token on /api/workorders
2026-05-28 22:28:53.801 +07:00 [INF] HTTP GET /api/workorders responded 200 in 5.9806 ms
2026-05-28 22:28:53.820 +07:00 [DBG] Valid JWT token on /api/workorders
2026-05-28 22:28:53.823 +07:00 [INF] HTTP GET /api/workorders responded 200 in 4.0508 ms
2026-05-28 22:28:57.961 +07:00 [DBG] Valid JWT token on /api/workorders
2026-05-28 22:28:57.961 +07:00 [DBG] Valid JWT token on /api/cases
2026-05-28 22:28:57.966 +07:00 [INF] HTTP GET /api/workorders responded 200 in 5.6133 ms
2026-05-28 22:28:57.966 +07:00 [INF] HTTP GET /api/cases responded 200 in 5.6938 ms
2026-05-28 22:28:57.982 +07:00 [DBG] Valid JWT token on /api/cases
2026-05-28 22:28:57.985 +07:00 [INF] HTTP GET /api/cases responded 200 in 3.0417 ms
2026-05-28 22:28:57.988 +07:00 [DBG] Valid JWT token on /api/workorders
2026-05-28 22:28:57.993 +07:00 [INF] HTTP GET /api/workorders responded 200 in 5.6114 ms
2026-05-28 22:29:00.666 +07:00 [DBG] Valid JWT token on /api/cases
2026-05-28 22:29:00.666 +07:00 [DBG] Valid JWT token on /api/workorders
2026-05-28 22:29:00.671 +07:00 [INF] HTTP GET /api/cases responded 200 in 5.9763 ms
2026-05-28 22:29:00.672 +07:00 [INF] HTTP GET /api/workorders responded 200 in 6.3988 ms
2026-05-28 22:29:00.690 +07:00 [DBG] Valid JWT token on /api/cases
2026-05-28 22:29:00.695 +07:00 [INF] HTTP GET /api/cases responded 200 in 5.4235 ms
2026-05-28 22:29:00.711 +07:00 [DBG] Valid JWT token on /api/workorders
2026-05-28 22:29:00.718 +07:00 [INF] HTTP GET /api/workorders responded 200 in 7.4273 ms
2026-05-28 22:29:02.672 +07:00 [DBG] Valid JWT token on /api/cases
2026-05-28 22:29:02.677 +07:00 [INF] HTTP GET /api/cases responded 200 in 5.5198 ms
2026-05-28 22:29:02.717 +07:00 [DBG] Valid JWT token on /api/cases
2026-05-28 22:29:02.719 +07:00 [INF] HTTP GET /api/cases responded 200 in 2.6613 ms
2026-05-28 22:29:14.961 +07:00 [DBG] Valid JWT token on /api/cases
2026-05-28 22:29:14.962 +07:00 [DBG] Valid JWT token on /api/workorders
2026-05-28 22:29:14.965 +07:00 [INF] HTTP GET /api/cases responded 200 in 4.4286 ms
2026-05-28 22:29:14.966 +07:00 [INF] HTTP GET /api/workorders responded 200 in 4.7504 ms
2026-05-28 22:29:14.978 +07:00 [DBG] Valid JWT token on /api/cases
2026-05-28 22:29:14.982 +07:00 [INF] HTTP GET /api/cases responded 200 in 4.4739 ms
2026-05-28 22:29:14.989 +07:00 [DBG] Valid JWT token on /api/workorders
2026-05-28 22:29:14.993 +07:00 [INF] HTTP GET /api/workorders responded 200 in 4.3894 ms
2026-05-28 22:29:17.873 +07:00 [DBG] Valid JWT token on /api/workorders
2026-05-28 22:29:17.873 +07:00 [DBG] Valid JWT token on /api/cases
2026-05-28 22:29:17.877 +07:00 [INF] HTTP GET /api/cases responded 200 in 4.5177 ms
2026-05-28 22:29:17.878 +07:00 [INF] HTTP GET /api/workorders responded 200 in 5.4814 ms
2026-05-28 22:29:17.891 +07:00 [DBG] Valid JWT token on /api/cases
2026-05-28 22:29:17.894 +07:00 [INF] HTTP GET /api/cases responded 200 in 3.7168 ms
2026-05-28 22:29:17.900 +07:00 [DBG] Valid JWT token on /api/workorders
2026-05-28 22:29:17.907 +07:00 [INF] HTTP GET /api/workorders responded 200 in 7.1683 ms
2026-05-28 22:29:21.554 +07:00 [DBG] Valid JWT token on /api/cases
2026-05-28 22:29:21.560 +07:00 [INF] HTTP GET /api/cases responded 200 in 6.2891 ms
2026-05-28 22:29:21.572 +07:00 [DBG] Valid JWT token on /api/cases
2026-05-28 22:29:21.575 +07:00 [INF] HTTP GET /api/cases responded 200 in 4.1418 ms
2026-05-28 22:34:59.084 +07:00 [DBG] Valid JWT token on /api/cases
2026-05-28 22:34:59.225 +07:00 [INF] HTTP GET /api/cases responded 200 in 165.0349 ms
2026-05-28 22:35:01.264 +07:00 [DBG] Valid JWT token on /api/cases
2026-05-28 22:35:01.270 +07:00 [INF] HTTP GET /api/cases responded 200 in 6.6766 ms
2026-05-28 22:40:12.119 +07:00 [INF] HTTP GET /api/cases/detail/01532785 responded 404 in 30.4963 ms
2026-05-28 22:43:47.453 +07:00 [INF] Database migration applied successfully.
2026-05-28 22:43:47.530 +07:00 [INF] UT Service Console API starting on Development
2026-05-28 22:44:18.259 +07:00 [WRN] Failed to determine the https port for redirect.
2026-05-28 22:44:18.869 +07:00 [DBG] Valid JWT token on /api/cases
2026-05-28 22:44:20.336 +07:00 [DBG] Valid JWT token on /api/workorders
2026-05-28 22:44:20.579 +07:00 [INF] HTTP GET /api/cases responded 200 in 2526.8508 ms
2026-05-28 22:44:20.612 +07:00 [DBG] Valid JWT token on /api/cases
2026-05-28 22:44:20.640 +07:00 [INF] HTTP GET /api/cases responded 200 in 35.7361 ms
2026-05-28 22:44:20.800 +07:00 [INF] HTTP GET /api/workorders responded 200 in 474.5822 ms
2026-05-28 22:44:20.815 +07:00 [DBG] Valid JWT token on /api/workorders
2026-05-28 22:44:20.827 +07:00 [INF] HTTP GET /api/workorders responded 200 in 13.7848 ms
2026-05-28 22:44:21.019 +07:00 [DBG] Valid JWT token on /api/cases
2026-05-28 22:44:21.034 +07:00 [INF] HTTP GET /api/cases responded 200 in 15.4205 ms
2026-05-28 22:44:21.049 +07:00 [DBG] Valid JWT token on /api/cases
2026-05-28 22:44:21.058 +07:00 [INF] HTTP GET /api/cases responded 200 in 9.9013 ms
2026-05-28 22:44:52.698 +07:00 [DBG] Valid JWT token on /api/workorders
2026-05-28 22:44:52.698 +07:00 [DBG] Valid JWT token on /api/cases
2026-05-28 22:44:52.714 +07:00 [INF] HTTP GET /api/cases responded 200 in 17.2356 ms
2026-05-28 22:44:52.715 +07:00 [INF] HTTP GET /api/workorders responded 200 in 17.9297 ms
2026-05-28 22:44:52.757 +07:00 [DBG] Valid JWT token on /api/cases
2026-05-28 22:44:52.757 +07:00 [DBG] Valid JWT token on /api/workorders
2026-05-28 22:44:52.767 +07:00 [INF] HTTP GET /api/workorders responded 200 in 10.4941 ms
2026-05-28 22:44:52.768 +07:00 [INF] HTTP GET /api/cases responded 200 in 12.8071 ms
2026-05-28 22:44:56.126 +07:00 [DBG] Valid JWT token on /api/cases
2026-05-28 22:44:56.137 +07:00 [INF] HTTP GET /api/cases responded 200 in 15.8383 ms
2026-05-28 22:44:56.153 +07:00 [DBG] Valid JWT token on /api/cases
2026-05-28 22:44:56.160 +07:00 [INF] HTTP GET /api/cases responded 200 in 7.7620 ms
2026-05-28 22:52:37.164 +07:00 [DBG] Valid JWT token on /api/cases
2026-05-28 22:52:37.297 +07:00 [INF] HTTP GET /api/cases responded 200 in 178.7338 ms
2026-05-28 22:55:18.121 +07:00 [DBG] Valid JWT token on /api/cases
2026-05-28 22:55:18.131 +07:00 [INF] HTTP GET /api/cases responded 200 in 10.8676 ms
2026-05-28 22:55:18.208 +07:00 [DBG] Valid JWT token on /api/cases
2026-05-28 22:55:18.226 +07:00 [INF] HTTP GET /api/cases responded 200 in 19.4587 ms
2026-05-28 22:55:20.188 +07:00 [DBG] Valid JWT token on /api/cases/detail/CASE-20260526-00101
2026-05-28 22:55:20.351 +07:00 [INF] HTTP GET /api/cases/detail/CASE-20260526-00101 responded 200 in 164.6515 ms
2026-05-28 22:55:20.365 +07:00 [DBG] Valid JWT token on /api/cases/detail/CASE-20260526-00101
2026-05-28 22:55:20.368 +07:00 [INF] HTTP GET /api/cases/detail/CASE-20260526-00101 responded 200 in 6.6241 ms
2026-05-28 22:55:38.719 +07:00 [DBG] Valid JWT token on /api/cases
2026-05-28 22:55:38.723 +07:00 [DBG] Valid JWT token on /api/workorders
2026-05-28 22:55:38.732 +07:00 [INF] HTTP GET /api/workorders responded 200 in 12.6539 ms
2026-05-28 22:55:38.742 +07:00 [INF] HTTP GET /api/cases responded 200 in 24.1110 ms
2026-05-28 22:55:38.760 +07:00 [DBG] Valid JWT token on /api/workorders
2026-05-28 22:55:38.761 +07:00 [DBG] Valid JWT token on /api/cases
2026-05-28 22:55:38.770 +07:00 [INF] HTTP GET /api/workorders responded 200 in 10.4396 ms
2026-05-28 22:55:38.770 +07:00 [INF] HTTP GET /api/cases responded 200 in 10.1942 ms
2026-05-28 22:55:43.146 +07:00 [DBG] Valid JWT token on /api/cases
2026-05-28 22:55:43.154 +07:00 [INF] HTTP GET /api/cases responded 200 in 9.4057 ms
2026-05-28 22:55:43.194 +07:00 [DBG] Valid JWT token on /api/cases
2026-05-28 22:55:43.196 +07:00 [INF] HTTP GET /api/cases responded 200 in 3.2915 ms
2026-05-28 22:55:47.922 +07:00 [DBG] Valid JWT token on /api/cases/detail/CASE-20260526-00101
2026-05-28 22:55:47.924 +07:00 [INF] HTTP GET /api/cases/detail/CASE-20260526-00101 responded 200 in 2.2640 ms
2026-05-28 22:55:47.943 +07:00 [DBG] Valid JWT token on /api/cases/detail/CASE-20260526-00101
2026-05-28 22:55:47.943 +07:00 [INF] HTTP GET /api/cases/detail/CASE-20260526-00101 responded 200 in 1.6493 ms
2026-05-28 22:56:01.855 +07:00 [DBG] Valid JWT token on /api/cases
2026-05-28 22:56:01.858 +07:00 [DBG] Valid JWT token on /api/workorders
2026-05-28 22:56:01.860 +07:00 [INF] HTTP GET /api/cases responded 200 in 5.6890 ms
2026-05-28 22:56:01.863 +07:00 [INF] HTTP GET /api/workorders responded 200 in 5.7242 ms
2026-05-28 22:56:01.875 +07:00 [DBG] Valid JWT token on /api/cases
2026-05-28 22:56:01.877 +07:00 [INF] HTTP GET /api/cases responded 200 in 3.4566 ms
2026-05-28 22:56:01.879 +07:00 [DBG] Valid JWT token on /api/workorders
2026-05-28 22:56:01.886 +07:00 [INF] HTTP GET /api/workorders responded 200 in 7.2689 ms
2026-05-28 22:56:16.144 +07:00 [DBG] Valid JWT token on /api/cases
2026-05-28 22:56:16.144 +07:00 [DBG] Valid JWT token on /api/workorders
2026-05-28 22:56:16.171 +07:00 [INF] HTTP GET /api/cases responded 200 in 27.9006 ms
2026-05-28 22:56:16.172 +07:00 [INF] HTTP GET /api/workorders responded 200 in 27.9241 ms
2026-05-28 22:56:16.212 +07:00 [DBG] Valid JWT token on /api/cases
2026-05-28 22:56:16.221 +07:00 [DBG] Valid JWT token on /api/workorders
2026-05-28 22:56:16.221 +07:00 [INF] HTTP GET /api/cases responded 200 in 10.6132 ms
2026-05-28 22:56:16.226 +07:00 [INF] HTTP GET /api/workorders responded 200 in 6.9313 ms
2026-05-28 22:56:20.811 +07:00 [DBG] Valid JWT token on /api/cases
2026-05-28 22:56:20.819 +07:00 [INF] HTTP GET /api/cases responded 200 in 9.2503 ms
2026-05-28 22:56:20.850 +07:00 [DBG] Valid JWT token on /api/cases
2026-05-28 22:56:20.855 +07:00 [INF] HTTP GET /api/cases responded 200 in 6.5916 ms
2026-05-28 22:56:21.950 +07:00 [DBG] Valid JWT token on /api/cases/detail/CASE-20260526-00101
2026-05-28 22:56:21.955 +07:00 [INF] HTTP GET /api/cases/detail/CASE-20260526-00101 responded 200 in 5.9668 ms
2026-05-28 22:56:21.975 +07:00 [DBG] Valid JWT token on /api/cases/detail/CASE-20260526-00101
2026-05-28 22:56:21.977 +07:00 [INF] HTTP GET /api/cases/detail/CASE-20260526-00101 responded 200 in 2.1847 ms
2026-05-28 22:56:49.890 +07:00 [DBG] Valid JWT token on /api/cases
2026-05-28 22:56:49.895 +07:00 [INF] HTTP GET /api/cases responded 200 in 6.4138 ms
2026-05-28 22:56:49.926 +07:00 [DBG] Valid JWT token on /api/cases
2026-05-28 22:56:49.930 +07:00 [INF] HTTP GET /api/cases responded 200 in 5.1327 ms
2026-05-28 22:56:51.447 +07:00 [DBG] Valid JWT token on /api/cases/detail/CASE-20260526-00101
2026-05-28 22:56:51.448 +07:00 [INF] HTTP GET /api/cases/detail/CASE-20260526-00101 responded 200 in 3.9024 ms
2026-05-28 22:56:51.456 +07:00 [DBG] Valid JWT token on /api/cases/detail/CASE-20260526-00101
2026-05-28 22:56:51.457 +07:00 [INF] HTTP GET /api/cases/detail/CASE-20260526-00101 responded 200 in 0.9204 ms
2026-05-28 22:56:53.918 +07:00 [DBG] Valid JWT token on /api/cases
2026-05-28 22:56:53.925 +07:00 [INF] HTTP GET /api/cases responded 200 in 7.5538 ms
2026-05-28 22:56:53.948 +07:00 [DBG] Valid JWT token on /api/cases
2026-05-28 22:56:53.952 +07:00 [INF] HTTP GET /api/cases responded 200 in 6.5791 ms
2026-05-28 22:56:57.703 +07:00 [DBG] Valid JWT token on /api/workorders
2026-05-28 22:56:57.703 +07:00 [DBG] Valid JWT token on /api/cases
2026-05-28 22:56:57.710 +07:00 [INF] HTTP GET /api/cases responded 200 in 8.2335 ms
2026-05-28 22:56:57.711 +07:00 [INF] HTTP GET /api/workorders responded 200 in 8.5077 ms
2026-05-28 22:56:57.724 +07:00 [DBG] Valid JWT token on /api/cases
2026-05-28 22:56:57.726 +07:00 [INF] HTTP GET /api/cases responded 200 in 2.3965 ms
2026-05-28 22:56:57.733 +07:00 [DBG] Valid JWT token on /api/workorders
2026-05-28 22:56:57.737 +07:00 [INF] HTTP GET /api/workorders responded 200 in 4.2895 ms
2026-05-28 22:57:01.891 +07:00 [DBG] Valid JWT token on /api/cases
2026-05-28 22:57:01.895 +07:00 [INF] HTTP GET /api/cases responded 200 in 4.3202 ms
2026-05-28 22:57:01.920 +07:00 [DBG] Valid JWT token on /api/cases
2026-05-28 22:57:01.922 +07:00 [INF] HTTP GET /api/cases responded 200 in 2.7348 ms
2026-05-28 22:57:09.896 +07:00 [DBG] Valid JWT token on /api/cases/detail/CASE-20260526-00101
2026-05-28 22:57:09.897 +07:00 [INF] HTTP GET /api/cases/detail/CASE-20260526-00101 responded 200 in 2.8056 ms
2026-05-28 22:57:09.919 +07:00 [DBG] Valid JWT token on /api/cases/detail/CASE-20260526-00101
2026-05-28 22:57:09.919 +07:00 [INF] HTTP GET /api/cases/detail/CASE-20260526-00101 responded 200 in 0.9351 ms
2026-05-28 23:00:59.592 +07:00 [DBG] Valid JWT token on /api/cases
2026-05-28 23:00:59.592 +07:00 [DBG] Valid JWT token on /api/workorders
2026-05-28 23:00:59.599 +07:00 [INF] HTTP GET /api/cases responded 200 in 7.5636 ms
2026-05-28 23:00:59.600 +07:00 [INF] HTTP GET /api/workorders responded 200 in 8.1470 ms
2026-05-28 23:00:59.640 +07:00 [DBG] Valid JWT token on /api/cases
2026-05-28 23:00:59.641 +07:00 [DBG] Valid JWT token on /api/workorders
2026-05-28 23:00:59.643 +07:00 [INF] HTTP GET /api/cases responded 200 in 3.0573 ms
2026-05-28 23:00:59.644 +07:00 [INF] HTTP GET /api/workorders responded 200 in 4.0153 ms
2026-05-28 23:01:05.252 +07:00 [DBG] Valid JWT token on /api/cases
2026-05-28 23:01:05.256 +07:00 [INF] HTTP GET /api/cases responded 200 in 4.2104 ms
2026-05-28 23:01:05.278 +07:00 [DBG] Valid JWT token on /api/cases
2026-05-28 23:01:05.283 +07:00 [INF] HTTP GET /api/cases responded 200 in 5.5510 ms
2026-05-28 23:01:06.921 +07:00 [DBG] Valid JWT token on /api/cases/detail/CASE-20260526-00101
2026-05-28 23:01:06.922 +07:00 [INF] HTTP GET /api/cases/detail/CASE-20260526-00101 responded 200 in 1.5704 ms
2026-05-28 23:01:06.939 +07:00 [DBG] Valid JWT token on /api/cases/detail/CASE-20260526-00101
2026-05-28 23:01:06.939 +07:00 [INF] HTTP GET /api/cases/detail/CASE-20260526-00101 responded 200 in 1.0250 ms
2026-05-28 23:01:09.598 +07:00 [DBG] Valid JWT token on /api/cases
2026-05-28 23:01:09.607 +07:00 [DBG] Valid JWT token on /api/workorders
2026-05-28 23:01:09.610 +07:00 [INF] HTTP GET /api/cases responded 200 in 13.4267 ms
2026-05-28 23:01:09.614 +07:00 [INF] HTTP GET /api/workorders responded 200 in 7.6435 ms
2026-05-28 23:01:09.634 +07:00 [DBG] Valid JWT token on /api/cases
2026-05-28 23:01:09.638 +07:00 [INF] HTTP GET /api/cases responded 200 in 5.1422 ms
2026-05-28 23:01:09.640 +07:00 [DBG] Valid JWT token on /api/workorders
2026-05-28 23:01:09.644 +07:00 [INF] HTTP GET /api/workorders responded 200 in 4.2964 ms
2026-05-28 23:01:20.188 +07:00 [DBG] Valid JWT token on /api/cases
2026-05-28 23:01:20.191 +07:00 [INF] HTTP GET /api/cases responded 200 in 4.0927 ms
2026-05-28 23:01:20.213 +07:00 [DBG] Valid JWT token on /api/cases
2026-05-28 23:01:20.221 +07:00 [INF] HTTP GET /api/cases responded 200 in 10.2450 ms
2026-05-28 23:01:28.021 +07:00 [DBG] Valid JWT token on /api/cases/detail/CASE-20260526-00101
2026-05-28 23:01:28.023 +07:00 [INF] HTTP GET /api/cases/detail/CASE-20260526-00101 responded 200 in 6.0976 ms
2026-05-28 23:01:28.052 +07:00 [DBG] Valid JWT token on /api/cases/detail/CASE-20260526-00101
2026-05-28 23:01:28.052 +07:00 [INF] HTTP GET /api/cases/detail/CASE-20260526-00101 responded 200 in 0.9381 ms
2026-05-28 23:08:47.613 +07:00 [DBG] Valid JWT token on /api/cases
2026-05-28 23:08:47.613 +07:00 [DBG] Valid JWT token on /api/workorders
2026-05-28 23:08:47.690 +07:00 [INF] HTTP GET /api/cases responded 200 in 93.0783 ms
2026-05-28 23:08:47.709 +07:00 [DBG] Valid JWT token on /api/cases
2026-05-28 23:08:47.711 +07:00 [INF] HTTP GET /api/cases responded 200 in 3.0741 ms
2026-05-28 23:08:47.837 +07:00 [INF] HTTP GET /api/workorders responded 200 in 239.9941 ms
2026-05-28 23:08:47.872 +07:00 [DBG] Valid JWT token on /api/workorders
2026-05-28 23:08:47.880 +07:00 [INF] HTTP GET /api/workorders responded 200 in 7.9636 ms
2026-05-28 23:56:34.511 +07:00 [DBG] Valid JWT token on /api/cases
2026-05-28 23:56:34.511 +07:00 [DBG] Valid JWT token on /api/workorders
2026-05-28 23:56:34.799 +07:00 [INF] HTTP GET /api/cases responded 200 in 327.7386 ms
2026-05-28 23:56:34.799 +07:00 [INF] HTTP GET /api/workorders responded 200 in 327.7123 ms
2026-05-28 23:57:46.907 +07:00 [DBG] Valid JWT token on /api/cases
2026-05-28 23:57:46.914 +07:00 [INF] HTTP GET /api/cases responded 200 in 7.0018 ms
2026-05-28 23:57:46.959 +07:00 [DBG] Valid JWT token on /api/cases
2026-05-28 23:57:46.975 +07:00 [INF] HTTP GET /api/cases responded 200 in 16.4818 ms
2026-05-28 23:57:49.685 +07:00 [DBG] Valid JWT token on /api/cases
2026-05-28 23:57:49.704 +07:00 [INF] HTTP GET /api/cases responded 200 in 19.5268 ms
2026-05-28 23:57:49.713 +07:00 [DBG] Valid JWT token on /api/workorders
2026-05-28 23:57:49.721 +07:00 [INF] HTTP GET /api/workorders responded 200 in 9.2905 ms
2026-05-28 23:57:49.735 +07:00 [DBG] Valid JWT token on /api/cases
2026-05-28 23:57:49.740 +07:00 [INF] HTTP GET /api/cases responded 200 in 5.0573 ms
2026-05-28 23:57:49.750 +07:00 [DBG] Valid JWT token on /api/workorders
2026-05-28 23:57:49.759 +07:00 [INF] HTTP GET /api/workorders responded 200 in 10.0854 ms
2026-05-28 23:57:51.070 +07:00 [DBG] Valid JWT token on /api/workorders
2026-05-28 23:57:51.078 +07:00 [INF] HTTP GET /api/workorders responded 200 in 9.0089 ms
2026-05-28 23:57:51.103 +07:00 [DBG] Valid JWT token on /api/workorders
2026-05-28 23:57:51.107 +07:00 [INF] HTTP GET /api/workorders responded 200 in 4.9922 ms
2026-05-28 23:57:53.084 +07:00 [DBG] Valid JWT token on /api/cases
2026-05-28 23:57:53.088 +07:00 [INF] HTTP GET /api/cases responded 200 in 3.9395 ms
2026-05-28 23:57:53.125 +07:00 [DBG] Valid JWT token on /api/cases
2026-05-28 23:57:53.143 +07:00 [INF] HTTP GET /api/cases responded 200 in 18.1553 ms
2026-05-28 23:57:57.494 +07:00 [DBG] Valid JWT token on /api/cases/detail/CASE-20260526-00101
2026-05-28 23:57:57.512 +07:00 [INF] HTTP GET /api/cases/detail/CASE-20260526-00101 responded 200 in 18.9152 ms
2026-05-28 23:57:57.522 +07:00 [DBG] Valid JWT token on /api/cases/detail/CASE-20260526-00101
2026-05-28 23:57:57.522 +07:00 [INF] HTTP GET /api/cases/detail/CASE-20260526-00101 responded 200 in 0.8746 ms
